TN:
SF:backend\ecosystem.config.js
FNF:0
FNH:0
DA:20,0
LF:1
LH:0
BRF:0
BRH:0
end_of_record
TN:
SF:backend\test-diagnose.js
FN:4,runDiagnosis
FN:15,(anonymous_1)
FNF:2
FNH:0
FNDA:0,runDiagnosis
FNDA:0,(anonymous_1)
DA:2,0
DA:5,0
DA:7,0
DA:8,0
DA:10,0
DA:11,0
DA:13,0
DA:14,0
DA:15,0
DA:17,0
DA:21,0
DA:22,0
DA:27,0
LF:13
LH:0
BRDA:13,0,0,0
BRDA:13,0,1,0
BRF:2
BRH:0
end_of_record
TN:
SF:backend\scripts\generate-ssl-cert-nodejs.js
FNF:0
FNH:0
DA:7,0
DA:8,0
DA:9,0
DA:11,0
DA:14,0
DA:15,0
DA:16,0
DA:19,0
DA:20,0
DA:23,0
DA:24,0
DA:25,0
DA:26,0
DA:27,0
DA:30,0
DA:32,0
DA:34,0
DA:35,0
DA:36,0
DA:38,0
DA:39,0
DA:40,0
DA:41,0
DA:42,0
DA:43,0
DA:44,0
DA:47,0
DA:50,0
DA:51,0
DA:52,0
DA:54,0
DA:55,0
DA:59,0
DA:61,0
DA:62,0
DA:68,0
DA:69,0
DA:71,0
DA:72,0
DA:73,0
DA:74,0
DA:75,0
DA:76,0
DA:79,0
DA:80,0
LF:45
LH:0
BRDA:14,0,0,0
BRDA:14,0,1,0
BRDA:23,1,0,0
BRDA:23,1,1,0
BRDA:23,2,0,0
BRDA:23,2,1,0
BRF:6
BRH:0
end_of_record
TN:
SF:backend\scripts\generate-ssl-cert.js
FNF:0
FNH:0
DA:6,0
DA:7,0
DA:8,0
DA:10,0
DA:13,0
DA:14,0
DA:15,0
DA:18,0
DA:19,0
DA:22,0
DA:23,0
DA:24,0
DA:25,0
DA:26,0
DA:29,0
DA:31,0
DA:33,0
DA:35,0
DA:37,0
DA:38,0
DA:39,0
DA:40,0
DA:41,0
DA:42,0
DA:45,0
DA:46,0
DA:47,0
DA:48,0
DA:49,0
LF:29
LH:0
BRDA:13,0,0,0
BRDA:13,0,1,0
BRDA:22,1,0,0
BRDA:22,1,1,0
BRDA:22,2,0,0
BRDA:22,2,1,0
BRF:6
BRH:0
end_of_record
TN:
SF:backend\scripts\generate-ssl-crypto.js
FNF:0
FNH:0
DA:6,0
DA:7,0
DA:8,0
DA:9,0
DA:11,0
DA:14,0
DA:15,0
DA:18,0
DA:19,0
DA:22,0
DA:23,0
DA:24,0
DA:25,0
DA:26,0
DA:29,0
DA:32,0
DA:33,0
DA:35,0
DA:36,0
DA:37,0
DA:39,0
DA:40,0
DA:44,0
DA:46,0
DA:47,0
DA:48,0
DA:54,0
DA:55,0
DA:57,0
DA:58,0
DA:59,0
DA:60,0
DA:61,0
DA:62,0
DA:64,0
DA:65,0
LF:36
LH:0
BRDA:14,0,0,0
BRDA:14,0,1,0
BRDA:22,1,0,0
BRDA:22,1,1,0
BRDA:22,2,0,0
BRDA:22,2,1,0
BRF:6
BRH:0
end_of_record
TN:
SF:backend\scripts\generate-ssl-manual.js
FNF:0
FNH:0
DA:6,0
DA:7,0
DA:8,0
DA:10,0
DA:13,0
DA:14,0
DA:17,0
DA:18,0
DA:21,0
DA:22,0
DA:23,0
DA:24,0
DA:25,0
DA:28,0
DA:31,0
DA:32,0
DA:35,0
DA:36,0
DA:38,0
DA:39,0
DA:40,0
DA:41,0
DA:42,0
DA:43,0
DA:44,0
DA:47,0
DA:51,0
DA:52,0
DA:54,0
DA:55,0
DA:56,0
DA:58,0
DA:59,0
DA:63,0
DA:65,0
DA:67,0
DA:68,0
DA:71,0
DA:72,0
DA:73,0
DA:74,0
DA:75,0
DA:76,0
DA:77,0
DA:79,0
DA:83,0
DA:84,0
DA:85,0
DA:117,0
DA:120,0
DA:121,0
DA:124,0
DA:125,0
DA:127,0
DA:128,0
DA:129,0
DA:130,0
DA:131,0
DA:132,0
DA:134,0
DA:135,0
LF:61
LH:0
BRDA:13,0,0,0
BRDA:13,0,1,0
BRDA:21,1,0,0
BRDA:21,1,1,0
BRDA:21,2,0,0
BRDA:21,2,1,0
BRF:6
BRH:0
end_of_record
TN:
SF:backend\scripts\generate-ssl-simple.js
FN:44,(anonymous_0)
FNF:1
FNH:0
FNDA:0,(anonymous_0)
DA:6,0
DA:7,0
DA:8,0
DA:10,0
DA:13,0
DA:14,0
DA:17,0
DA:18,0
DA:21,0
DA:22,0
DA:23,0
DA:24,0
DA:25,0
DA:28,0
DA:31,0
DA:32,0
DA:34,0
DA:35,0
DA:38,0
DA:40,0
DA:45,0
DA:46,0
DA:47,0
DA:50,0
DA:51,0
DA:53,0
DA:54,0
DA:55,0
DA:56,0
DA:57,0
DA:58,0
LF:31
LH:0
BRDA:13,0,0,0
BRDA:13,0,1,0
BRDA:21,1,0,0
BRDA:21,1,1,0
BRDA:21,2,0,0
BRDA:21,2,1,0
BRDA:45,3,0,0
BRDA:45,3,1,0
BRF:8
BRH:0
end_of_record
TN:
SF:backend\src\server.js
FN:61,(anonymous_0)
FN:79,(anonymous_1)
FN:119,(anonymous_2)
FN:138,(anonymous_3)
FN:153,startServer
FN:202,(anonymous_5)
FN:228,getLocalIP
FN:248,(anonymous_7)
FN:259,(anonymous_8)
FNF:9
FNH:0
FNDA:0,(anonymous_0)
FNDA:0,(anonymous_1)
FNDA:0,(anonymous_2)
FNDA:0,(anonymous_3)
FNDA:0,startServer
FNDA:0,(anonymous_5)
FNDA:0,getLocalIP
FNDA:0,(anonymous_7)
FNDA:0,(anonymous_8)
DA:8,0
DA:9,0
DA:10,0
DA:11,0
DA:12,0
DA:13,0
DA:16,0
DA:17,0
DA:18,0
DA:19,0
DA:20,0
DA:21,0
DA:24,0
DA:27,0
DA:28,0
DA:29,0
DA:38,0
DA:43,0
DA:49,0
DA:55,0
DA:61,0
DA:62,0
DA:63,0
DA:64,0
DA:71,0
DA:72,0
DA:79,0
DA:81,0
DA:82,0
DA:86,0
DA:87,0
DA:88,0
DA:89,0
DA:96,0
DA:105,0
DA:111,0
DA:112,0
DA:119,0
DA:121,0
DA:122,0
DA:129,0
DA:138,0
DA:139,0
DA:141,0
DA:154,0
DA:156,0
DA:157,0
DA:158,0
DA:161,0
DA:162,0
DA:163,0
DA:166,0
DA:167,0
DA:168,0
DA:169,0
DA:171,0
DA:176,0
DA:178,0
DA:179,0
DA:180,0
DA:181,0
DA:184,0
DA:185,0
DA:186,0
DA:187,0
DA:190,0
DA:195,0
DA:197,0
DA:198,0
DA:202,0
DA:203,0
DA:204,0
DA:205,0
DA:206,0
DA:207,0
DA:208,0
DA:209,0
DA:210,0
DA:211,0
DA:212,0
DA:213,0
DA:214,0
DA:215,0
DA:216,0
DA:219,0
DA:220,0
DA:229,0
DA:230,0
DA:232,0
DA:233,0
DA:235,0
DA:236,0
DA:241,0
DA:248,0
DA:249,0
DA:250,0
DA:251,0
DA:252,0
DA:254,0
DA:256,0
DA:259,0
DA:260,0
DA:261,0
DA:262,0
DA:263,0
DA:265,0
DA:267,0
DA:271,0
LF:108
LH:0
BRDA:27,0,0,0
BRDA:27,0,1,0
BRDA:28,1,0,0
BRDA:28,1,1,0
BRDA:39,2,0,0
BRDA:39,2,1,0
BRDA:81,3,0,0
BRDA:81,3,1,0
BRDA:87,4,0,0
BRDA:87,4,1,0
BRDA:121,5,0,0
BRDA:121,5,1,0
BRDA:141,6,0,0
BRDA:141,6,1,0
BRDA:143,7,0,0
BRDA:143,7,1,0
BRDA:144,8,0,0
BRDA:144,8,1,0
BRDA:168,9,0,0
BRDA:168,9,1,0
BRDA:176,10,0,0
BRDA:176,10,1,0
BRDA:178,11,0,0
BRDA:178,11,1,0
BRDA:184,12,0,0
BRDA:184,12,1,0
BRDA:184,13,0,0
BRDA:184,13,1,0
BRDA:210,14,0,0
BRDA:210,14,1,0
BRDA:235,15,0,0
BRDA:235,15,1,0
BRDA:235,16,0,0
BRDA:235,16,1,0
BRF:34
BRH:0
end_of_record
TN:
SF:backend\src\config\DatabaseConnectionManager.js
FN:13,(anonymous_0)
FN:22,(anonymous_1)
FN:57,(anonymous_2)
FN:67,(anonymous_3)
FN:81,(anonymous_4)
FN:95,(anonymous_5)
FN:109,(anonymous_6)
FN:126,(anonymous_7)
FN:134,getDatabaseConnectionManager
FNF:9
FNH:0
FNDA:0,(anonymous_0)
FNDA:0,(anonymous_1)
FNDA:0,(anonymous_2)
FNDA:0,(anonymous_3)
FNDA:0,(anonymous_4)
FNDA:0,(anonymous_5)
FNDA:0,(anonymous_6)
FNDA:0,(anonymous_7)
FNDA:0,getDatabaseConnectionManager
DA:8,0
DA:9,0
DA:10,0
DA:14,0
DA:15,0
DA:16,0
DA:23,0
DA:24,0
DA:25,0
DA:28,0
DA:30,0
DA:31,0
DA:32,0
DA:36,0
DA:39,0
DA:42,0
DA:44,0
DA:45,0
DA:46,0
DA:48,0
DA:49,0
DA:50,0
DA:58,0
DA:59,0
DA:61,0
DA:68,0
DA:69,0
DA:70,0
DA:71,0
DA:73,0
DA:74,0
DA:82,0
DA:83,0
DA:84,0
DA:85,0
DA:87,0
DA:88,0
DA:96,0
DA:97,0
DA:98,0
DA:99,0
DA:101,0
DA:102,0
DA:110,0
DA:111,0
DA:112,0
DA:113,0
DA:114,0
DA:115,0
DA:117,0
DA:118,0
DA:127,0
DA:132,0
DA:135,0
DA:136,0
DA:138,0
DA:141,0
LF:57
LH:0
BRDA:14,0,0,0
BRDA:14,0,1,0
BRDA:14,0,2,0
BRDA:23,1,0,0
BRDA:23,1,1,0
BRDA:23,2,0,0
BRDA:23,2,1,0
BRDA:31,3,0,0
BRDA:31,3,1,0
BRDA:58,4,0,0
BRDA:58,4,1,0
BRDA:58,5,0,0
BRDA:58,5,1,0
BRDA:67,6,0,0
BRDA:81,7,0,0
BRDA:95,8,0,0
BRDA:110,9,0,0
BRDA:110,9,1,0
BRDA:110,10,0,0
BRDA:110,10,1,0
BRDA:127,11,0,0
BRDA:127,11,1,0
BRDA:135,12,0,0
BRDA:135,12,1,0
BRF:24
BRH:0
end_of_record
TN:
SF:backend\src\config\configurationManager.js
FN:24,initializeConfiguration
FN:125,getConfiguration
FN:137,constructConnectionString
FN:163,validateConfiguration
FN:233,logConfiguration
FN:288,reloadConfiguration
FNF:6
FNH:5
FNDA:7,initializeConfiguration
FNDA:0,getConfiguration
FNDA:303,constructConnectionString
FNDA:466,validateConfiguration
FNDA:57,logConfiguration
FNDA:1,reloadConfiguration
DA:9,2
DA:10,2
DA:11,2
DA:16,2
DA:25,7
DA:26,7
DA:29,7
DA:32,7
DA:33,7
DA:34,7
DA:37,7
DA:38,7
DA:39,1
DA:40,1
DA:45,7
DA:47,7
DA:49,4
DA:50,4
DA:51,4
DA:52,3
DA:54,1
DA:55,1
DA:56,1
DA:59,2
DA:60,2
DA:61,2
DA:65,7
DA:102,7
DA:103,7
DA:104,1
DA:108,6
DA:111,6
DA:113,6
DA:114,6
DA:116,1
DA:117,1
DA:126,0
DA:127,0
DA:129,0
DA:138,303
DA:139,0
DA:142,303
DA:164,466
DA:167,466
DA:177,466
DA:178,3262
DA:179,230
DA:184,466
DA:185,22
DA:189,466
DA:190,1
DA:194,466
DA:195,466
DA:196,69
DA:200,466
DA:203,60
DA:204,6
DA:208,60
DA:209,0
DA:211,406
DA:214,52
DA:215,1
DA:217,354
DA:222,466
DA:234,57
DA:235,0
DA:239,57
DA:244,57
DA:245,57
DA:247,57
DA:253,57
DA:264,57
DA:289,1
DA:290,1
DA:293,1
DA:295,1
DA:296,1
DA:298,0
DA:299,0
DA:303,2
LF:80
LH:72
BRDA:34,0,0,7
BRDA:34,0,1,0
BRDA:38,1,0,1
BRDA:38,1,1,6
BRDA:47,2,0,4
BRDA:47,2,1,3
BRDA:49,3,0,4
BRDA:49,3,1,1
BRDA:52,4,0,1
BRDA:52,4,1,2
BRDA:54,5,0,1
BRDA:54,5,1,0
BRDA:103,6,0,1
BRDA:103,6,1,6
BRDA:126,7,0,0
BRDA:126,7,1,0
BRDA:138,8,0,0
BRDA:138,8,1,303
BRDA:152,9,0,105
BRDA:152,9,1,198
BRDA:178,10,0,230
BRDA:178,10,1,3032
BRDA:184,11,0,22
BRDA:184,11,1,444
BRDA:184,12,0,466
BRDA:184,12,1,438
BRDA:189,13,0,1
BRDA:189,13,1,465
BRDA:189,14,0,466
BRDA:189,14,1,412
BRDA:189,14,2,412
BRDA:195,15,0,69
BRDA:195,15,1,397
BRDA:195,16,0,466
BRDA:195,16,1,434
BRDA:200,17,0,60
BRDA:200,17,1,406
BRDA:203,18,0,6
BRDA:203,18,1,54
BRDA:208,19,0,0
BRDA:208,19,1,60
BRDA:211,20,0,52
BRDA:211,20,1,354
BRDA:214,21,0,1
BRDA:214,21,1,51
BRDA:214,22,0,52
BRDA:214,22,1,1
BRDA:217,23,0,253
BRDA:217,23,1,101
BRDA:234,24,0,0
BRDA:234,24,1,57
BRDA:244,25,0,57
BRDA:244,25,1,0
BRF:53
BRH:45
end_of_record
TN:
SF:backend\src\config\database.js
FN:15,initDatabase
FN:31,getDatabase
FN:44,generateId
FN:52,generateNumericId
FNF:4
FNH:0
FNDA:0,initDatabase
FNDA:0,getDatabase
FNDA:0,generateId
FNDA:0,generateNumericId
DA:8,0
DA:9,0
DA:16,0
DA:17,0
DA:18,0
DA:19,0
DA:20,0
DA:22,0
DA:23,0
DA:32,0
DA:33,0
DA:35,0
DA:36,0
DA:45,0
DA:53,0
DA:57,0
LF:16
LH:0
BRF:0
BRH:0
end_of_record
TN:
SF:backend\src\config\environment.js
FN:24,(anonymous_0)
FN:76,(anonymous_1)
FN:82,(anonymous_2)
FN:88,(anonymous_3)
FN:94,(anonymous_4)
FN:114,loadEnvironment
FN:173,(anonymous_6)
FN:180,(anonymous_7)
FN:193,getConfig
FN:203,printEnvironmentDocumentation
FNF:10
FNH:0
FNDA:0,(anonymous_0)
FNDA:0,(anonymous_1)
FNDA:0,(anonymous_2)
FNDA:0,(anonymous_3)
FNDA:0,(anonymous_4)
FNDA:0,loadEnvironment
FNDA:0,(anonymous_6)
FNDA:0,(anonymous_7)
FNDA:0,getConfig
FNDA:0,printEnvironmentDocumentation
DA:8,2
DA:13,2
DA:24,0
DA:76,0
DA:82,0
DA:88,0
DA:94,0
DA:115,0
DA:116,0
DA:117,0
DA:119,0
DA:121,0
DA:122,0
DA:125,0
DA:126,0
DA:127,0
DA:131,0
DA:134,0
DA:135,0
DA:136,0
DA:137,0
DA:138,0
DA:140,0
DA:141,0
DA:142,0
DA:143,0
DA:148,0
DA:149,0
DA:150,0
DA:151,0
DA:155,0
DA:158,0
DA:161,0
DA:162,0
DA:166,0
DA:167,0
DA:171,0
DA:172,0
DA:173,0
DA:174,0
DA:175,0
DA:178,0
DA:179,0
DA:180,0
DA:181,0
DA:184,0
DA:185,0
DA:191,2
DA:194,0
DA:195,0
DA:197,0
DA:204,0
DA:205,0
DA:207,0
DA:208,0
DA:209,0
DA:210,0
DA:211,0
DA:212,0
DA:213,0
DA:214,0
DA:218,0
DA:221,2
LF:63
LH:4
BRDA:76,0,0,0
BRDA:76,0,1,0
BRDA:82,1,0,0
BRDA:82,1,1,0
BRDA:88,2,0,0
BRDA:88,2,1,0
BRDA:94,3,0,0
BRDA:94,3,1,0
BRDA:125,4,0,0
BRDA:125,4,1,0
BRDA:125,5,0,0
BRDA:125,5,1,0
BRDA:131,6,0,0
BRDA:131,6,1,0
BRDA:134,7,0,0
BRDA:134,7,1,0
BRDA:134,8,0,0
BRDA:134,8,1,0
BRDA:136,9,0,0
BRDA:136,9,1,0
BRDA:141,10,0,0
BRDA:141,10,1,0
BRDA:141,11,0,0
BRDA:141,11,1,0
BRDA:142,12,0,0
BRDA:142,12,1,0
BRDA:148,13,0,0
BRDA:148,13,1,0
BRDA:148,14,0,0
BRDA:148,14,1,0
BRDA:149,15,0,0
BRDA:149,15,1,0
BRDA:158,16,0,0
BRDA:158,16,1,0
BRDA:158,17,0,0
BRDA:158,17,1,0
BRDA:161,18,0,0
BRDA:161,18,1,0
BRDA:166,19,0,0
BRDA:166,19,1,0
BRDA:171,20,0,0
BRDA:171,20,1,0
BRDA:178,21,0,0
BRDA:178,21,1,0
BRDA:194,22,0,0
BRDA:194,22,1,0
BRDA:212,23,0,0
BRDA:212,23,1,0
BRDA:213,24,0,0
BRDA:213,24,1,0
BRF:50
BRH:0
end_of_record
TN:
SF:backend\src\config\networkDetector.js
FN:7,detectNetworkInterfaces
FN:16,extractIPv4Addresses
FN:37,filterLoopbackAddresses
FN:38,(anonymous_3)
FN:47,selectPrimaryIP
FN:93,getDatabaseHost
FNF:6
FNH:6
FNDA:407,detectNetworkInterfaces
FNDA:815,extractIPv4Addresses
FNDA:916,filterLoopbackAddresses
FNDA:2814,(anonymous_3)
FNDA:612,selectPrimaryIP
FNDA:405,getDatabaseHost
DA:1,4
DA:8,407
DA:17,815
DA:19,815
DA:20,1753
DA:21,1753
DA:23,3482
DA:24,1945
DA:29,815
DA:38,2814
DA:49,612
DA:52,612
DA:55,612
DA:57,510
DA:58,613
DA:59,407
DA:60,407
DA:61,812
DA:62,407
DA:69,103
DA:70,204
DA:71,2
DA:72,2
DA:73,2
DA:74,2
DA:81,101
DA:85,102
DA:95,405
DA:98,405
DA:101,405
DA:103,101
DA:104,304
DA:106,101
DA:109,203
DA:113,4
LF:35
LH:35
BRDA:23,0,0,1945
BRDA:23,0,1,1537
BRDA:55,1,0,510
BRDA:55,1,1,102
BRDA:58,2,0,407
BRDA:58,2,1,206
BRDA:61,3,0,407
BRDA:61,3,1,405
BRDA:61,4,0,812
BRDA:61,4,1,407
BRDA:70,5,0,2
BRDA:70,5,1,202
BRDA:70,6,0,204
BRDA:70,6,1,203
BRDA:73,7,0,2
BRDA:73,7,1,0
BRDA:73,8,0,2
BRDA:73,8,1,2
BRDA:101,9,0,101
BRDA:101,9,1,304
BRDA:103,10,0,101
BRDA:103,10,1,0
BRDA:104,11,0,101
BRDA:104,11,1,203
BRDA:106,12,0,101
BRDA:106,12,1,0
BRF:26
BRH:23
end_of_record
TN:
SF:backend\src\config\postgres.js
FN:35,sleep
FN:36,(anonymous_1)
FN:45,connectWithRetry
FN:76,(anonymous_3)
FN:80,(anonymous_4)
FN:84,(anonymous_5)
FN:108,attemptFallbackConnection
FN:135,initPoolWithFallback
FN:206,initPool
FN:214,getConnectionStatus
FN:231,attemptReconnection
FN:263,getPool
FN:276,query
FN:296,transaction
FN:320,startAutomaticReconnection
FN:328,(anonymous_15)
FN:358,stopAutomaticReconnection
FN:370,closePool
FN:390,getPoolStats
FN:408,healthCheck
FNF:20
FNH:0
FNDA:0,sleep
FNDA:0,(anonymous_1)
FNDA:0,connectWithRetry
FNDA:0,(anonymous_3)
FNDA:0,(anonymous_4)
FNDA:0,(anonymous_5)
FNDA:0,attemptFallbackConnection
FNDA:0,initPoolWithFallback
FNDA:0,initPool
FNDA:0,getConnectionStatus
FNDA:0,attemptReconnection
FNDA:0,getPool
FNDA:0,query
FNDA:0,transaction
FNDA:0,startAutomaticReconnection
FNDA:0,(anonymous_15)
FNDA:0,stopAutomaticReconnection
FNDA:0,closePool
FNDA:0,getPoolStats
FNDA:0,healthCheck
DA:9,0
DA:10,0
DA:11,0
DA:13,0
DA:14,0
DA:27,0
DA:28,0
DA:36,0
DA:46,0
DA:59,0
DA:60,0
DA:62,0
DA:63,0
DA:64,0
DA:66,0
DA:69,0
DA:70,0
DA:71,0
DA:73,0
DA:76,0
DA:77,0
DA:80,0
DA:81,0
DA:84,0
DA:85,0
DA:88,0
DA:90,0
DA:91,0
DA:93,0
DA:94,0
DA:95,0
DA:96,0
DA:101,0
DA:109,0
DA:110,0
DA:112,0
DA:113,0
DA:118,0
DA:120,0
DA:121,0
DA:123,0
DA:125,0
DA:126,0
DA:136,0
DA:137,0
DA:138,0
DA:141,0
DA:142,0
DA:144,0
DA:145,0
DA:148,0
DA:149,0
DA:151,0
DA:152,0
DA:153,0
DA:154,0
DA:155,0
DA:156,0
DA:157,0
DA:159,0
DA:162,0
DA:164,0
DA:166,0
DA:169,0
DA:170,0
DA:172,0
DA:173,0
DA:174,0
DA:175,0
DA:176,0
DA:177,0
DA:178,0
DA:180,0
DA:183,0
DA:185,0
DA:187,0
DA:189,0
DA:190,0
DA:191,0
DA:193,0
DA:197,0
DA:198,0
DA:207,0
DA:215,0
DA:216,0
DA:224,0
DA:232,0
DA:233,0
DA:236,0
DA:237,0
DA:238,0
DA:239,0
DA:241,0
DA:243,0
DA:247,0
DA:249,0
DA:250,0
DA:252,0
DA:253,0
DA:254,0
DA:255,0
DA:264,0
DA:265,0
DA:267,0
DA:277,0
DA:278,0
DA:279,0
DA:280,0
DA:281,0
DA:282,0
DA:284,0
DA:285,0
DA:287,0
DA:297,0
DA:298,0
DA:299,0
DA:300,0
DA:302,0
DA:304,0
DA:305,0
DA:306,0
DA:308,0
DA:309,0
DA:310,0
DA:312,0
DA:321,0
DA:322,0
DA:323,0
DA:326,0
DA:328,0
DA:329,0
DA:331,0
DA:332,0
DA:333,0
DA:336,0
DA:337,0
DA:338,0
DA:339,0
DA:340,0
DA:343,0
DA:344,0
DA:348,0
DA:352,0
DA:359,0
DA:360,0
DA:361,0
DA:362,0
DA:372,0
DA:374,0
DA:375,0
DA:376,0
DA:377,0
DA:378,0
DA:380,0
DA:381,0
DA:391,0
DA:392,0
DA:395,0
DA:409,0
DA:410,0
DA:411,0
DA:413,0
DA:414,0
DA:418,0
LF:164
LH:0
BRDA:45,0,0,0
BRDA:56,1,0,0
BRDA:56,1,1,0
BRDA:93,2,0,0
BRDA:93,2,1,0
BRDA:136,3,0,0
BRDA:136,3,1,0
BRDA:215,4,0,0
BRDA:215,4,1,0
BRDA:236,5,0,0
BRDA:236,5,1,0
BRDA:264,6,0,0
BRDA:264,6,1,0
BRDA:276,7,0,0
BRDA:321,8,0,0
BRDA:321,8,1,0
BRDA:331,9,0,0
BRDA:331,9,1,0
BRDA:331,10,0,0
BRDA:331,10,1,0
BRDA:338,11,0,0
BRDA:338,11,1,0
BRDA:359,12,0,0
BRDA:359,12,1,0
BRDA:374,13,0,0
BRDA:374,13,1,0
BRDA:391,14,0,0
BRDA:391,14,1,0
BRF:28
BRH:0
end_of_record
TN:
SF:backend\src\controllers\authController.js
FN:21,(anonymous_0)
FN:142,(anonymous_1)
FN:235,(anonymous_2)
FN:329,(anonymous_3)
FN:348,(anonymous_4)
FN:374,(anonymous_5)
FN:448,(anonymous_6)
FNF:7
FNH:0
FNDA:0,(anonymous_0)
FNDA:0,(anonymous_1)
FNDA:0,(anonymous_2)
FNDA:0,(anonymous_3)
FNDA:0,(anonymous_4)
FNDA:0,(anonymous_5)
FNDA:0,(anonymous_6)
DA:11,0
DA:12,0
DA:13,0
DA:14,0
DA:21,0
DA:22,0
DA:23,0
DA:28,0
DA:29,0
DA:36,0
DA:37,0
DA:44,0
DA:45,0
DA:53,0
DA:60,0
DA:61,0
DA:67,0
DA:70,0
DA:71,0
DA:79,0
DA:81,0
DA:82,0
DA:90,0
DA:105,0
DA:113,0
DA:128,0
DA:129,0
DA:142,0
DA:143,0
DA:144,0
DA:148,0
DA:149,0
DA:155,0
DA:156,0
DA:162,0
DA:163,0
DA:169,0
DA:170,0
DA:178,0
DA:183,0
DA:184,0
DA:193,0
DA:196,0
DA:199,0
DA:201,0
DA:208,0
DA:220,0
DA:221,0
DA:235,0
DA:236,0
DA:237,0
DA:241,0
DA:242,0
DA:248,0
DA:249,0
DA:255,0
DA:256,0
DA:264,0
DA:270,0
DA:271,0
DA:277,0
DA:279,0
DA:280,0
DA:288,0
DA:290,0
DA:291,0
DA:299,0
DA:301,0
DA:309,0
DA:315,0
DA:316,0
DA:329,0
DA:330,0
DA:332,0
DA:333,0
DA:339,0
DA:346,0
DA:348,0
DA:359,0
DA:360,0
DA:374,0
DA:375,0
DA:376,0
DA:377,0
DA:381,0
DA:382,0
DA:388,0
DA:389,0
DA:396,0
DA:398,0
DA:399,0
DA:407,0
DA:414,0
DA:415,0
DA:421,0
DA:423,0
DA:434,0
DA:435,0
DA:448,0
DA:449,0
DA:450,0
DA:451,0
DA:454,0
DA:456,0
DA:457,0
DA:458,0
DA:464,0
DA:465,0
DA:468,0
DA:469,0
DA:470,0
DA:472,0
DA:473,0
DA:474,0
DA:480,0
DA:481,0
DA:487,0
DA:488,0
DA:496,0
LF:119
LH:0
BRDA:28,0,0,0
BRDA:28,0,1,0
BRDA:28,1,0,0
BRDA:28,1,1,0
BRDA:36,2,0,0
BRDA:36,2,1,0
BRDA:36,3,0,0
BRDA:36,3,1,0
BRDA:44,4,0,0
BRDA:44,4,1,0
BRDA:44,5,0,0
BRDA:44,5,1,0
BRDA:60,6,0,0
BRDA:60,6,1,0
BRDA:70,7,0,0
BRDA:70,7,1,0
BRDA:81,8,0,0
BRDA:81,8,1,0
BRDA:97,9,0,0
BRDA:97,9,1,0
BRDA:99,10,0,0
BRDA:99,10,1,0
BRDA:132,11,0,0
BRDA:132,11,1,0
BRDA:148,12,0,0
BRDA:148,12,1,0
BRDA:148,13,0,0
BRDA:148,13,1,0
BRDA:148,13,2,0
BRDA:155,14,0,0
BRDA:155,14,1,0
BRDA:162,15,0,0
BRDA:162,15,1,0
BRDA:162,16,0,0
BRDA:162,16,1,0
BRDA:169,17,0,0
BRDA:169,17,1,0
BRDA:169,18,0,0
BRDA:169,18,1,0
BRDA:183,19,0,0
BRDA:183,19,1,0
BRDA:224,20,0,0
BRDA:224,20,1,0
BRDA:241,21,0,0
BRDA:241,21,1,0
BRDA:241,22,0,0
BRDA:241,22,1,0
BRDA:241,22,2,0
BRDA:248,23,0,0
BRDA:248,23,1,0
BRDA:248,24,0,0
BRDA:248,24,1,0
BRDA:255,25,0,0
BRDA:255,25,1,0
BRDA:270,26,0,0
BRDA:270,26,1,0
BRDA:279,27,0,0
BRDA:279,27,1,0
BRDA:290,28,0,0
BRDA:290,28,1,0
BRDA:319,29,0,0
BRDA:319,29,1,0
BRDA:332,30,0,0
BRDA:332,30,1,0
BRDA:363,31,0,0
BRDA:363,31,1,0
BRDA:381,32,0,0
BRDA:381,32,1,0
BRDA:381,33,0,0
BRDA:381,33,1,0
BRDA:388,34,0,0
BRDA:388,34,1,0
BRDA:398,35,0,0
BRDA:398,35,1,0
BRDA:414,36,0,0
BRDA:414,36,1,0
BRDA:438,37,0,0
BRDA:438,37,1,0
BRDA:456,38,0,0
BRDA:456,38,1,0
BRDA:472,39,0,0
BRDA:472,39,1,0
BRDA:491,40,0,0
BRDA:491,40,1,0
BRF:84
BRH:0
end_of_record
TN:
SF:backend\src\controllers\backupController.js
FN:16,(anonymous_0)
FN:40,(anonymous_1)
FN:49,(anonymous_2)
FN:54,(anonymous_3)
FN:59,(anonymous_4)
FN:79,(anonymous_5)
FN:127,(anonymous_6)
FN:156,(anonymous_7)
FNF:8
FNH:0
FNDA:0,(anonymous_0)
FNDA:0,(anonymous_1)
FNDA:0,(anonymous_2)
FNDA:0,(anonymous_3)
FNDA:0,(anonymous_4)
FNDA:0,(anonymous_5)
FNDA:0,(anonymous_6)
FNDA:0,(anonymous_7)
DA:5,0
DA:6,0
DA:7,0
DA:9,0
DA:10,0
DA:16,0
DA:17,0
DA:18,0
DA:19,0
DA:21,0
DA:28,0
DA:29,0
DA:40,0
DA:41,0
DA:42,0
DA:43,0
DA:45,0
DA:49,0
DA:54,0
DA:59,0
DA:67,0
DA:68,0
DA:79,0
DA:80,0
DA:81,0
DA:83,0
DA:84,0
DA:91,0
DA:92,0
DA:93,0
DA:100,0
DA:102,0
DA:103,0
DA:109,0
DA:115,0
DA:116,0
DA:127,0
DA:128,0
DA:129,0
DA:130,0
DA:132,0
DA:133,0
DA:139,0
DA:144,0
DA:145,0
DA:156,0
DA:157,0
DA:158,0
DA:160,0
DA:161,0
DA:167,0
DA:173,0
DA:174,0
LF:53
LH:0
BRDA:83,0,0,0
BRDA:83,0,1,0
BRDA:92,1,0,0
BRDA:92,1,1,0
BRDA:102,2,0,0
BRDA:102,2,1,0
BRDA:132,3,0,0
BRDA:132,3,1,0
BRDA:160,4,0,0
BRDA:160,4,1,0
BRF:10
BRH:0
end_of_record
TN:
SF:backend\src\controllers\movementsController.js
FN:23,(anonymous_0)
FN:49,(anonymous_1)
FN:86,(anonymous_2)
FN:141,(anonymous_3)
FN:169,(anonymous_4)
FN:208,(anonymous_5)
FN:269,(anonymous_6)
FN:296,(anonymous_7)
FN:334,(anonymous_8)
FN:388,(anonymous_9)
FN:400,(anonymous_10)
FN:458,(anonymous_11)
FN:499,(anonymous_12)
FN:508,(anonymous_13)
FN:547,(anonymous_14)
FN:561,(anonymous_15)
FN:619,(anonymous_16)
FN:628,(anonymous_17)
FN:654,(anonymous_18)
FN:695,(anonymous_19)
FN:709,(anonymous_20)
FNF:21
FNH:0
FNDA:0,(anonymous_0)
FNDA:0,(anonymous_1)
FNDA:0,(anonymous_2)
FNDA:0,(anonymous_3)
FNDA:0,(anonymous_4)
FNDA:0,(anonymous_5)
FNDA:0,(anonymous_6)
FNDA:0,(anonymous_7)
FNDA:0,(anonymous_8)
FNDA:0,(anonymous_9)
FNDA:0,(anonymous_10)
FNDA:0,(anonymous_11)
FNDA:0,(anonymous_12)
FNDA:0,(anonymous_13)
FNDA:0,(anonymous_14)
FNDA:0,(anonymous_15)
FNDA:0,(anonymous_16)
FNDA:0,(anonymous_17)
FNDA:0,(anonymous_18)
FNDA:0,(anonymous_19)
FNDA:0,(anonymous_20)
DA:11,0
DA:12,0
DA:13,0
DA:14,0
DA:15,0
DA:23,0
DA:24,0
DA:25,0
DA:28,0
DA:29,0
DA:30,0
DA:31,0
DA:32,0
DA:34,0
DA:35,0
DA:42,0
DA:47,0
DA:49,0
DA:50,0
DA:56,0
DA:67,0
DA:73,0
DA:74,0
DA:86,0
DA:87,0
DA:88,0
DA:90,0
DA:91,0
DA:97,0
DA:98,0
DA:100,0
DA:111,0
DA:126,0
DA:127,0
DA:141,0
DA:142,0
DA:143,0
DA:146,0
DA:147,0
DA:148,0
DA:149,0
DA:150,0
DA:151,0
DA:153,0
DA:154,0
DA:161,0
DA:166,0
DA:169,0
DA:170,0
DA:176,0
DA:189,0
DA:195,0
DA:196,0
DA:208,0
DA:209,0
DA:210,0
DA:213,0
DA:214,0
DA:221,0
DA:224,0
DA:237,0
DA:254,0
DA:255,0
DA:269,0
DA:270,0
DA:271,0
DA:274,0
DA:275,0
DA:276,0
DA:277,0
DA:278,0
DA:279,0
DA:281,0
DA:282,0
DA:289,0
DA:294,0
DA:296,0
DA:297,0
DA:303,0
DA:315,0
DA:321,0
DA:322,0
DA:334,0
DA:335,0
DA:336,0
DA:338,0
DA:339,0
DA:345,0
DA:347,0
DA:359,0
DA:375,0
DA:376,0
DA:388,0
DA:389,0
DA:390,0
DA:391,0
DA:393,0
DA:394,0
DA:400,0
DA:402,0
DA:410,0
DA:413,0
DA:414,0
DA:415,0
DA:418,0
DA:419,0
DA:422,0
DA:430,0
DA:445,0
DA:446,0
DA:458,0
DA:459,0
DA:460,0
DA:462,0
DA:463,0
DA:469,0
DA:471,0
DA:472,0
DA:478,0
DA:484,0
DA:485,0
DA:499,0
DA:500,0
DA:501,0
DA:506,0
DA:508,0
DA:509,0
DA:515,0
DA:528,0
DA:534,0
DA:535,0
DA:547,0
DA:548,0
DA:549,0
DA:551,0
DA:552,0
DA:558,0
DA:559,0
DA:561,0
DA:563,0
DA:570,0
DA:571,0
DA:572,0
DA:575,0
DA:576,0
DA:579,0
DA:587,0
DA:604,0
DA:605,0
DA:619,0
DA:620,0
DA:621,0
DA:626,0
DA:628,0
DA:635,0
DA:641,0
DA:642,0
DA:654,0
DA:655,0
DA:656,0
DA:658,0
DA:659,0
DA:666,0
DA:673,0
DA:680,0
DA:681,0
DA:695,0
DA:696,0
DA:697,0
DA:700,0
DA:701,0
DA:707,0
DA:709,0
DA:711,0
DA:712,0
DA:715,0
DA:716,0
DA:720,0
DA:726,0
DA:730,0
DA:737,0
DA:738,0
DA:746,0
LF:183
LH:0
BRDA:28,0,0,0
BRDA:28,0,1,0
BRDA:28,1,0,0
BRDA:28,1,1,0
BRDA:30,2,0,0
BRDA:30,2,1,0
BRDA:31,3,0,0
BRDA:31,3,1,0
BRDA:32,4,0,0
BRDA:32,4,1,0
BRDA:77,5,0,0
BRDA:77,5,1,0
BRDA:90,6,0,0
BRDA:90,6,1,0
BRDA:90,7,0,0
BRDA:90,7,1,0
BRDA:90,7,2,0
BRDA:90,7,3,0
BRDA:104,8,0,0
BRDA:104,8,1,0
BRDA:105,9,0,0
BRDA:105,9,1,0
BRDA:130,10,0,0
BRDA:130,10,1,0
BRDA:146,11,0,0
BRDA:146,11,1,0
BRDA:146,12,0,0
BRDA:146,12,1,0
BRDA:148,13,0,0
BRDA:148,13,1,0
BRDA:149,14,0,0
BRDA:149,14,1,0
BRDA:150,15,0,0
BRDA:150,15,1,0
BRDA:151,16,0,0
BRDA:151,16,1,0
BRDA:180,17,0,0
BRDA:180,17,1,0
BRDA:180,18,0,0
BRDA:180,18,1,0
BRDA:199,19,0,0
BRDA:199,19,1,0
BRDA:213,20,0,0
BRDA:213,20,1,0
BRDA:213,21,0,0
BRDA:213,21,1,0
BRDA:213,21,2,0
BRDA:213,21,3,0
BRDA:213,21,4,0
BRDA:230,22,0,0
BRDA:230,22,1,0
BRDA:231,23,0,0
BRDA:231,23,1,0
BRDA:258,24,0,0
BRDA:258,24,1,0
BRDA:274,25,0,0
BRDA:274,25,1,0
BRDA:274,26,0,0
BRDA:274,26,1,0
BRDA:276,27,0,0
BRDA:276,27,1,0
BRDA:277,28,0,0
BRDA:277,28,1,0
BRDA:278,29,0,0
BRDA:278,29,1,0
BRDA:279,30,0,0
BRDA:279,30,1,0
BRDA:325,31,0,0
BRDA:325,31,1,0
BRDA:338,32,0,0
BRDA:338,32,1,0
BRDA:338,33,0,0
BRDA:338,33,1,0
BRDA:338,33,2,0
BRDA:338,33,3,0
BRDA:338,33,4,0
BRDA:338,33,5,0
BRDA:338,33,6,0
BRDA:379,34,0,0
BRDA:379,34,1,0
BRDA:393,35,0,0
BRDA:393,35,1,0
BRDA:393,36,0,0
BRDA:393,36,1,0
BRDA:393,36,2,0
BRDA:393,36,3,0
BRDA:393,36,4,0
BRDA:393,36,5,0
BRDA:406,37,0,0
BRDA:406,37,1,0
BRDA:414,38,0,0
BRDA:414,38,1,0
BRDA:414,39,0,0
BRDA:414,39,1,0
BRDA:418,40,0,0
BRDA:418,40,1,0
BRDA:449,41,0,0
BRDA:449,41,1,0
BRDA:462,42,0,0
BRDA:462,42,1,0
BRDA:471,43,0,0
BRDA:471,43,1,0
BRDA:488,44,0,0
BRDA:488,44,1,0
BRDA:521,45,0,0
BRDA:521,45,1,0
BRDA:538,46,0,0
BRDA:538,46,1,0
BRDA:551,47,0,0
BRDA:551,47,1,0
BRDA:551,48,0,0
BRDA:551,48,1,0
BRDA:551,48,2,0
BRDA:551,48,3,0
BRDA:551,48,4,0
BRDA:551,48,5,0
BRDA:551,48,6,0
BRDA:566,49,0,0
BRDA:566,49,1,0
BRDA:571,50,0,0
BRDA:571,50,1,0
BRDA:571,51,0,0
BRDA:571,51,1,0
BRDA:575,52,0,0
BRDA:575,52,1,0
BRDA:599,53,0,0
BRDA:599,53,1,0
BRDA:608,54,0,0
BRDA:608,54,1,0
BRDA:645,55,0,0
BRDA:645,55,1,0
BRDA:658,56,0,0
BRDA:658,56,1,0
BRDA:658,57,0,0
BRDA:658,57,1,0
BRDA:658,57,2,0
BRDA:658,57,3,0
BRDA:684,58,0,0
BRDA:684,58,1,0
BRDA:700,59,0,0
BRDA:700,59,1,0
BRDA:700,60,0,0
BRDA:700,60,1,0
BRDA:715,61,0,0
BRDA:715,61,1,0
BRDA:715,62,0,0
BRDA:715,62,1,0
BRDA:715,62,2,0
BRDA:715,62,3,0
BRDA:741,63,0,0
BRDA:741,63,1,0
BRF:151
BRH:0
end_of_record
TN:
SF:backend\src\controllers\entities\clients\clientsController.js
FN:24,(anonymous_0)
FN:43,(anonymous_1)
FN:71,(anonymous_2)
FN:100,(anonymous_3)
FN:137,(anonymous_4)
FN:166,(anonymous_5)
FNF:6
FNH:0
FNDA:0,(anonymous_0)
FNDA:0,(anonymous_1)
FNDA:0,(anonymous_2)
FNDA:0,(anonymous_3)
FNDA:0,(anonymous_4)
FNDA:0,(anonymous_5)
DA:9,0
DA:16,0
DA:17,0
DA:18,0
DA:19,0
DA:24,0
DA:25,0
DA:26,0
DA:27,0
DA:32,0
DA:33,0
DA:43,0
DA:44,0
DA:45,0
DA:46,0
DA:48,0
DA:49,0
DA:54,0
DA:55,0
DA:60,0
DA:61,0
DA:71,0
DA:72,0
DA:73,0
DA:75,0
DA:76,0
DA:82,0
DA:83,0
DA:89,0
DA:90,0
DA:100,0
DA:101,0
DA:102,0
DA:103,0
DA:104,0
DA:106,0
DA:107,0
DA:113,0
DA:114,0
DA:120,0
DA:121,0
DA:126,0
DA:127,0
DA:137,0
DA:138,0
DA:139,0
DA:140,0
DA:142,0
DA:143,0
DA:148,0
DA:149,0
DA:154,0
DA:155,0
DA:166,0
DA:167,0
DA:168,0
DA:170,0
DA:173,0
DA:174,0
DA:176,0
DA:177,0
DA:183,0
DA:186,0
DA:187,0
DA:193,0
DA:194,0
DA:200,0
DA:202,0
DA:203,0
DA:211,0
DA:212,0
DA:218,0
DA:219,0
DA:226,0
LF:74
LH:0
BRDA:54,0,0,0
BRDA:54,0,1,0
BRDA:82,1,0,0
BRDA:82,1,1,0
BRDA:113,2,0,0
BRDA:113,2,1,0
BRDA:120,3,0,0
BRDA:120,3,1,0
BRDA:148,4,0,0
BRDA:148,4,1,0
BRDA:173,5,0,0
BRDA:173,5,1,0
BRDA:173,6,0,0
BRDA:173,6,1,0
BRDA:176,7,0,0
BRDA:176,7,1,0
BRDA:186,8,0,0
BRDA:186,8,1,0
BRDA:186,9,0,0
BRDA:186,9,1,0
BRDA:193,10,0,0
BRDA:193,10,1,0
BRDA:202,11,0,0
BRDA:202,11,1,0
BRF:24
BRH:0
end_of_record
TN:
SF:backend\src\controllers\entities\clients\clientsService.js
FN:15,getAllClients
FN:35,getClientById
FN:60,createClient
FN:97,updateClient
FN:169,deleteClient
FNF:5
FNH:0
FNDA:0,getAllClients
FNDA:0,getClientById
FNDA:0,createClient
FNDA:0,updateClient
FNDA:0,deleteClient
DA:5,0
DA:6,0
DA:7,0
DA:8,0
DA:9,0
DA:16,0
DA:17,0
DA:23,0
DA:24,0
DA:26,0
DA:27,0
DA:36,0
DA:37,0
DA:43,0
DA:44,0
DA:47,0
DA:48,0
DA:50,0
DA:51,0
DA:52,0
DA:61,0
DA:63,0
DA:64,0
DA:65,0
DA:68,0
DA:70,0
DA:83,0
DA:85,0
DA:86,0
DA:88,0
DA:89,0
DA:98,0
DA:100,0
DA:101,0
DA:102,0
DA:106,0
DA:107,0
DA:108,0
DA:109,0
DA:110,0
DA:114,0
DA:115,0
DA:116,0
DA:118,0
DA:119,0
DA:120,0
DA:122,0
DA:123,0
DA:124,0
DA:126,0
DA:127,0
DA:128,0
DA:130,0
DA:131,0
DA:132,0
DA:134,0
DA:135,0
DA:136,0
DA:139,0
DA:141,0
DA:144,0
DA:147,0
DA:148,0
DA:149,0
DA:153,0
DA:155,0
DA:156,0
DA:158,0
DA:159,0
DA:160,0
DA:170,0
DA:172,0
DA:173,0
DA:174,0
DA:177,0
DA:180,0
DA:182,0
DA:184,0
DA:185,0
DA:186,0
DA:190,0
LF:81
LH:0
BRDA:43,0,0,0
BRDA:43,0,1,0
BRDA:50,1,0,0
BRDA:50,1,1,0
BRDA:63,2,0,0
BRDA:63,2,1,0
BRDA:64,3,0,0
BRDA:64,3,1,0
BRDA:68,4,0,0
BRDA:68,4,1,0
BRDA:101,5,0,0
BRDA:101,5,1,0
BRDA:106,6,0,0
BRDA:106,6,1,0
BRDA:106,7,0,0
BRDA:106,7,1,0
BRDA:107,8,0,0
BRDA:107,8,1,0
BRDA:109,9,0,0
BRDA:109,9,1,0
BRDA:118,10,0,0
BRDA:118,10,1,0
BRDA:122,11,0,0
BRDA:122,11,1,0
BRDA:126,12,0,0
BRDA:126,12,1,0
BRDA:130,13,0,0
BRDA:130,13,1,0
BRDA:134,14,0,0
BRDA:134,14,1,0
BRDA:134,15,0,0
BRDA:134,15,1,0
BRDA:136,16,0,0
BRDA:136,16,1,0
BRDA:139,17,0,0
BRDA:139,17,1,0
BRDA:158,18,0,0
BRDA:158,18,1,0
BRDA:173,19,0,0
BRDA:173,19,1,0
BRDA:184,20,0,0
BRDA:184,20,1,0
BRF:42
BRH:0
end_of_record
TN:
SF:backend\src\controllers\entities\clients\clientsValidator.js
FN:16,validateCreateClient
FN:51,validateUpdateClient
FN:87,validateClientId
FNF:3
FNH:0
FNDA:0,validateCreateClient
FNDA:0,validateUpdateClient
FNDA:0,validateClientId
DA:10,0
DA:11,0
DA:17,0
DA:20,0
DA:21,0
DA:24,0
DA:25,0
DA:28,0
DA:29,0
DA:32,0
DA:33,0
DA:36,0
DA:37,0
DA:40,0
DA:41,0
DA:43,0
DA:44,0
DA:52,0
DA:54,0
DA:55,0
DA:56,0
DA:59,0
DA:60,0
DA:61,0
DA:64,0
DA:65,0
DA:66,0
DA:69,0
DA:70,0
DA:71,0
DA:74,0
DA:75,0
DA:76,0
DA:79,0
DA:80,0
DA:88,0
DA:89,0
DA:90,0
DA:94,0
LF:39
LH:0
BRDA:21,0,0,0
BRDA:21,0,1,0
BRDA:25,1,0,0
BRDA:25,1,1,0
BRDA:29,2,0,0
BRDA:29,2,1,0
BRDA:33,3,0,0
BRDA:33,3,1,0
BRDA:37,4,0,0
BRDA:37,4,1,0
BRDA:41,5,0,0
BRDA:41,5,1,0
BRDA:43,6,0,0
BRDA:43,6,1,0
BRDA:54,7,0,0
BRDA:54,7,1,0
BRDA:56,8,0,0
BRDA:56,8,1,0
BRDA:59,9,0,0
BRDA:59,9,1,0
BRDA:61,10,0,0
BRDA:61,10,1,0
BRDA:64,11,0,0
BRDA:64,11,1,0
BRDA:66,12,0,0
BRDA:66,12,1,0
BRDA:69,13,0,0
BRDA:69,13,1,0
BRDA:71,14,0,0
BRDA:71,14,1,0
BRDA:74,15,0,0
BRDA:74,15,1,0
BRDA:76,16,0,0
BRDA:76,16,1,0
BRDA:79,17,0,0
BRDA:79,17,1,0
BRDA:89,18,0,0
BRDA:89,18,1,0
BRF:38
BRH:0
end_of_record
TN:
SF:backend\src\controllers\entities\clients\sellerValidator.js
FN:17,validateSellerId
FNF:1
FNH:0
FNDA:0,validateSellerId
DA:8,0
DA:9,0
DA:18,0
DA:19,0
DA:20,0
DA:26,0
DA:28,0
DA:29,0
DA:30,0
DA:36,0
DA:38,0
DA:39,0
DA:46,0
LF:13
LH:0
BRDA:19,0,0,0
BRDA:19,0,1,0
BRDA:28,1,0,0
BRDA:28,1,1,0
BRF:4
BRH:0
end_of_record
TN:
SF:backend\src\controllers\entities\confeccionistas\confeccionistasController.js
FN:22,(anonymous_0)
FN:41,(anonymous_1)
FN:69,(anonymous_2)
FN:98,(anonymous_3)
FN:135,(anonymous_4)
FNF:5
FNH:0
FNDA:0,(anonymous_0)
FNDA:0,(anonymous_1)
FNDA:0,(anonymous_2)
FNDA:0,(anonymous_3)
FNDA:0,(anonymous_4)
DA:9,0
DA:16,0
DA:17,0
DA:22,0
DA:23,0
DA:24,0
DA:25,0
DA:30,0
DA:31,0
DA:41,0
DA:42,0
DA:43,0
DA:44,0
DA:46,0
DA:47,0
DA:52,0
DA:53,0
DA:58,0
DA:59,0
DA:69,0
DA:70,0
DA:71,0
DA:73,0
DA:74,0
DA:80,0
DA:81,0
DA:87,0
DA:88,0
DA:98,0
DA:99,0
DA:100,0
DA:101,0
DA:102,0
DA:104,0
DA:105,0
DA:111,0
DA:112,0
DA:118,0
DA:119,0
DA:124,0
DA:125,0
DA:135,0
DA:136,0
DA:137,0
DA:138,0
DA:140,0
DA:141,0
DA:146,0
DA:147,0
DA:152,0
DA:153,0
DA:160,0
LF:52
LH:0
BRDA:52,0,0,0
BRDA:52,0,1,0
BRDA:80,1,0,0
BRDA:80,1,1,0
BRDA:111,2,0,0
BRDA:111,2,1,0
BRDA:118,3,0,0
BRDA:118,3,1,0
BRDA:146,4,0,0
BRDA:146,4,1,0
BRF:10
BRH:0
end_of_record
TN:
SF:backend\src\controllers\entities\confeccionistas\confeccionistasService.js
FN:14,getAllConfeccionistas
FN:34,getConfeccionistaById
FN:59,createConfeccionista
FN:89,updateConfeccionista
FN:143,deleteConfeccionista
FNF:5
FNH:0
FNDA:0,getAllConfeccionistas
FNDA:0,getConfeccionistaById
FNDA:0,createConfeccionista
FNDA:0,updateConfeccionista
FNDA:0,deleteConfeccionista
DA:5,0
DA:6,0
DA:7,0
DA:8,0
DA:15,0
DA:16,0
DA:22,0
DA:23,0
DA:25,0
DA:26,0
DA:35,0
DA:36,0
DA:42,0
DA:43,0
DA:46,0
DA:47,0
DA:49,0
DA:50,0
DA:51,0
DA:60,0
DA:61,0
DA:75,0
DA:77,0
DA:78,0
DA:80,0
DA:81,0
DA:90,0
DA:91,0
DA:92,0
DA:93,0
DA:96,0
DA:97,0
DA:98,0
DA:100,0
DA:101,0
DA:102,0
DA:104,0
DA:105,0
DA:106,0
DA:108,0
DA:109,0
DA:110,0
DA:112,0
DA:113,0
DA:114,0
DA:116,0
DA:117,0
DA:118,0
DA:121,0
DA:122,0
DA:123,0
DA:124,0
DA:128,0
DA:130,0
DA:131,0
DA:133,0
DA:134,0
DA:135,0
DA:144,0
DA:145,0
DA:146,0
DA:147,0
DA:150,0
DA:153,0
DA:155,0
DA:157,0
DA:158,0
DA:159,0
DA:163,0
LF:69
LH:0
BRDA:42,0,0,0
BRDA:42,0,1,0
BRDA:49,1,0,0
BRDA:49,1,1,0
BRDA:92,2,0,0
BRDA:92,2,1,0
BRDA:100,3,0,0
BRDA:100,3,1,0
BRDA:104,4,0,0
BRDA:104,4,1,0
BRDA:108,5,0,0
BRDA:108,5,1,0
BRDA:112,6,0,0
BRDA:112,6,1,0
BRDA:116,7,0,0
BRDA:116,7,1,0
BRDA:121,8,0,0
BRDA:121,8,1,0
BRDA:133,9,0,0
BRDA:133,9,1,0
BRDA:146,10,0,0
BRDA:146,10,1,0
BRDA:157,11,0,0
BRDA:157,11,1,0
BRF:24
BRH:0
end_of_record
TN:
SF:backend\src\controllers\entities\confeccionistas\confeccionistasValidator.js
FN:17,validateCreateConfeccionista
FN:46,validateUpdateConfeccionista
FN:82,validateConfeccionistaId
FNF:3
FNH:0
FNDA:0,validateCreateConfeccionista
FNDA:0,validateUpdateConfeccionista
FNDA:0,validateConfeccionistaId
DA:9,0
DA:10,0
DA:12,0
DA:18,0
DA:20,0
DA:21,0
DA:23,0
DA:24,0
DA:26,0
DA:27,0
DA:29,0
DA:30,0
DA:32,0
DA:33,0
DA:35,0
DA:36,0
DA:38,0
DA:39,0
DA:47,0
DA:49,0
DA:50,0
DA:51,0
DA:54,0
DA:55,0
DA:56,0
DA:59,0
DA:60,0
DA:61,0
DA:64,0
DA:65,0
DA:66,0
DA:69,0
DA:70,0
DA:71,0
DA:74,0
DA:75,0
DA:83,0
DA:84,0
DA:85,0
DA:89,0
LF:40
LH:0
BRDA:21,0,0,0
BRDA:21,0,1,0
BRDA:24,1,0,0
BRDA:24,1,1,0
BRDA:27,2,0,0
BRDA:27,2,1,0
BRDA:30,3,0,0
BRDA:30,3,1,0
BRDA:33,4,0,0
BRDA:33,4,1,0
BRDA:36,5,0,0
BRDA:36,5,1,0
BRDA:38,6,0,0
BRDA:38,6,1,0
BRDA:49,7,0,0
BRDA:49,7,1,0
BRDA:51,8,0,0
BRDA:51,8,1,0
BRDA:54,9,0,0
BRDA:54,9,1,0
BRDA:56,10,0,0
BRDA:56,10,1,0
BRDA:59,11,0,0
BRDA:59,11,1,0
BRDA:61,12,0,0
BRDA:61,12,1,0
BRDA:64,13,0,0
BRDA:64,13,1,0
BRDA:66,14,0,0
BRDA:66,14,1,0
BRDA:69,15,0,0
BRDA:69,15,1,0
BRDA:71,16,0,0
BRDA:71,16,1,0
BRDA:74,17,0,0
BRDA:74,17,1,0
BRDA:84,18,0,0
BRDA:84,18,1,0
BRF:38
BRH:0
end_of_record
TN:
SF:backend\src\controllers\entities\correrias\correriasController.js
FN:19,(anonymous_0)
FN:29,(anonymous_1)
FN:44,(anonymous_2)
FN:58,(anonymous_3)
FN:77,(anonymous_4)
FNF:5
FNH:0
FNDA:0,(anonymous_0)
FNDA:0,(anonymous_1)
FNDA:0,(anonymous_2)
FNDA:0,(anonymous_3)
FNDA:0,(anonymous_4)
DA:9,0
DA:16,0
DA:17,0
DA:19,0
DA:20,0
DA:21,0
DA:22,0
DA:24,0
DA:25,0
DA:29,0
DA:30,0
DA:31,0
DA:32,0
DA:33,0
DA:34,0
DA:36,0
DA:37,0
DA:39,0
DA:40,0
DA:44,0
DA:45,0
DA:46,0
DA:47,0
DA:48,0
DA:50,0
DA:51,0
DA:53,0
DA:54,0
DA:58,0
DA:59,0
DA:60,0
DA:61,0
DA:62,0
DA:63,0
DA:64,0
DA:66,0
DA:67,0
DA:69,0
DA:70,0
DA:72,0
DA:73,0
DA:77,0
DA:78,0
DA:79,0
DA:80,0
DA:81,0
DA:82,0
DA:84,0
DA:85,0
DA:87,0
DA:88,0
DA:92,0
LF:52
LH:0
BRDA:36,0,0,0
BRDA:36,0,1,0
BRDA:50,1,0,0
BRDA:50,1,1,0
BRDA:66,2,0,0
BRDA:66,2,1,0
BRDA:69,3,0,0
BRDA:69,3,1,0
BRDA:84,4,0,0
BRDA:84,4,1,0
BRF:10
BRH:0
end_of_record
TN:
SF:backend\src\controllers\entities\correrias\correriasService.js
FN:13,getAllCorrerias
FN:27,getCorrieriaById
FN:43,createCorreria
FN:66,updateCorreria
FN:105,deleteCorreria
FNF:5
FNH:0
FNDA:0,getAllCorrerias
FNDA:0,getCorrieriaById
FNDA:0,createCorreria
FNDA:0,updateCorreria
FNDA:0,deleteCorreria
DA:5,0
DA:6,0
DA:7,0
DA:8,0
DA:14,0
DA:15,0
DA:16,0
DA:17,0
DA:19,0
DA:20,0
DA:28,0
DA:29,0
DA:30,0
DA:31,0
DA:32,0
DA:34,0
DA:35,0
DA:36,0
DA:44,0
DA:45,0
DA:53,0
DA:55,0
DA:56,0
DA:58,0
DA:59,0
DA:67,0
DA:68,0
DA:69,0
DA:71,0
DA:72,0
DA:73,0
DA:75,0
DA:76,0
DA:77,0
DA:79,0
DA:80,0
DA:81,0
DA:84,0
DA:85,0
DA:86,0
DA:87,0
DA:91,0
DA:93,0
DA:94,0
DA:96,0
DA:97,0
DA:98,0
DA:106,0
DA:107,0
DA:108,0
DA:109,0
DA:112,0
DA:114,0
DA:116,0
DA:117,0
DA:118,0
DA:122,0
LF:57
LH:0
BRDA:30,0,0,0
BRDA:30,0,1,0
BRDA:34,1,0,0
BRDA:34,1,1,0
BRDA:69,2,0,0
BRDA:69,2,1,0
BRDA:75,3,0,0
BRDA:75,3,1,0
BRDA:79,4,0,0
BRDA:79,4,1,0
BRDA:84,5,0,0
BRDA:84,5,1,0
BRDA:96,6,0,0
BRDA:96,6,1,0
BRDA:108,7,0,0
BRDA:108,7,1,0
BRDA:116,8,0,0
BRDA:116,8,1,0
BRF:18
BRH:0
end_of_record
TN:
SF:backend\src\controllers\entities\correrias\correriasValidator.js
FN:8,validateCreateCorreria
FN:35,validateUpdateCorreria
FN:59,validateCorrieriaId
FNF:3
FNH:0
FNDA:0,validateCreateCorreria
FNDA:0,validateUpdateCorreria
FNDA:0,validateCorrieriaId
DA:5,0
DA:6,0
DA:9,0
DA:11,0
DA:12,0
DA:14,0
DA:15,0
DA:17,0
DA:18,0
DA:20,0
DA:21,0
DA:22,0
DA:24,0
DA:25,0
DA:26,0
DA:30,0
DA:31,0
DA:36,0
DA:38,0
DA:39,0
DA:40,0
DA:43,0
DA:44,0
DA:45,0
DA:46,0
DA:48,0
DA:49,0
DA:50,0
DA:54,0
DA:55,0
DA:60,0
DA:61,0
DA:62,0
DA:66,0
LF:34
LH:0
BRDA:12,0,0,0
BRDA:12,0,1,0
BRDA:15,1,0,0
BRDA:15,1,1,0
BRDA:17,2,0,0
BRDA:17,2,1,0
BRDA:17,3,0,0
BRDA:17,3,1,0
BRDA:21,4,0,0
BRDA:21,4,1,0
BRDA:26,5,0,0
BRDA:26,5,1,0
BRDA:30,6,0,0
BRDA:30,6,1,0
BRDA:38,7,0,0
BRDA:38,7,1,0
BRDA:40,8,0,0
BRDA:40,8,1,0
BRDA:43,9,0,0
BRDA:43,9,1,0
BRDA:45,10,0,0
BRDA:45,10,1,0
BRDA:50,11,0,0
BRDA:50,11,1,0
BRDA:54,12,0,0
BRDA:54,12,1,0
BRDA:61,13,0,0
BRDA:61,13,1,0
BRF:28
BRH:0
end_of_record
TN:
SF:backend\src\controllers\entities\deliveryDates\deliveryDatesController.js
FN:18,(anonymous_0)
FN:58,(anonymous_1)
FN:103,(anonymous_2)
FNF:3
FNH:0
FNDA:0,(anonymous_0)
FNDA:0,(anonymous_1)
FNDA:0,(anonymous_2)
DA:12,0
DA:18,0
DA:19,0
DA:20,0
DA:23,0
DA:24,0
DA:25,0
DA:26,0
DA:27,0
DA:28,0
DA:30,0
DA:31,0
DA:38,0
DA:40,0
DA:45,0
DA:46,0
DA:58,0
DA:59,0
DA:60,0
DA:61,0
DA:63,0
DA:64,0
DA:70,0
DA:71,0
DA:77,0
DA:80,0
DA:90,0
DA:91,0
DA:103,0
DA:104,0
DA:105,0
DA:107,0
DA:108,0
DA:114,0
DA:116,0
DA:118,0
DA:120,0
DA:121,0
DA:127,0
DA:134,0
LF:40
LH:0
BRDA:23,0,0,0
BRDA:23,0,1,0
BRDA:23,1,0,0
BRDA:23,1,1,0
BRDA:25,2,0,0
BRDA:25,2,1,0
BRDA:26,3,0,0
BRDA:26,3,1,0
BRDA:27,4,0,0
BRDA:27,4,1,0
BRDA:28,5,0,0
BRDA:28,5,1,0
BRDA:61,6,0,0
BRDA:61,6,1,0
BRDA:63,7,0,0
BRDA:63,7,1,0
BRDA:63,8,0,0
BRDA:63,8,1,0
BRDA:70,9,0,0
BRDA:70,9,1,0
BRDA:85,10,0,0
BRDA:85,10,1,0
BRDA:107,11,0,0
BRDA:107,11,1,0
BRDA:120,12,0,0
BRDA:120,12,1,0
BRF:26
BRH:0
end_of_record
TN:
SF:backend\src\controllers\entities\deliveryDates\deliveryDatesService.js
FN:16,(anonymous_0)
FN:61,(anonymous_1)
FN:86,(anonymous_2)
FN:91,(anonymous_3)
FN:115,(anonymous_4)
FN:123,(anonymous_5)
FN:138,(anonymous_6)
FN:183,(anonymous_7)
FN:252,(anonymous_8)
FN:277,(anonymous_9)
FNF:10
FNH:0
FNDA:0,(anonymous_0)
FNDA:0,(anonymous_1)
FNDA:0,(anonymous_2)
FNDA:0,(anonymous_3)
FNDA:0,(anonymous_4)
FNDA:0,(anonymous_5)
FNDA:0,(anonymous_6)
FNDA:0,(anonymous_7)
FNDA:0,(anonymous_8)
FNDA:0,(anonymous_9)
DA:7,0
DA:8,0
DA:9,0
DA:10,0
DA:16,0
DA:17,0
DA:18,0
DA:21,0
DA:22,0
DA:23,0
DA:25,0
DA:26,0
DA:27,0
DA:30,0
DA:31,0
DA:32,0
DA:35,0
DA:36,0
DA:37,0
DA:40,0
DA:41,0
DA:42,0
DA:46,0
DA:47,0
DA:50,0
DA:51,0
DA:59,0
DA:61,0
DA:75,0
DA:77,0
DA:78,0
DA:86,0
DA:87,0
DA:88,0
DA:89,0
DA:91,0
DA:105,0
DA:106,0
DA:115,0
DA:116,0
DA:117,0
DA:118,0
DA:120,0
DA:122,0
DA:123,0
DA:124,0
DA:134,0
DA:135,0
DA:138,0
DA:139,0
DA:143,0
DA:144,0
DA:145,0
DA:150,0
DA:154,0
DA:155,0
DA:156,0
DA:161,0
DA:164,0
DA:165,0
DA:166,0
DA:171,0
DA:175,0
DA:182,0
DA:183,0
DA:184,0
DA:185,0
DA:186,0
DA:187,0
DA:188,0
DA:191,0
DA:220,0
DA:223,0
DA:227,0
DA:228,0
DA:232,0
DA:243,0
DA:244,0
DA:252,0
DA:253,0
DA:254,0
DA:256,0
DA:257,0
DA:261,0
DA:263,0
DA:268,0
DA:269,0
DA:277,0
DA:278,0
DA:279,0
DA:281,0
DA:282,0
DA:285,0
DA:286,0
DA:300,0
DA:301,0
DA:305,0
LF:97
LH:0
BRDA:16,0,0,0
BRDA:16,1,0,0
BRDA:16,2,0,0
BRDA:25,3,0,0
BRDA:25,3,1,0
BRDA:30,4,0,0
BRDA:30,4,1,0
BRDA:35,5,0,0
BRDA:35,5,1,0
BRDA:40,6,0,0
BRDA:40,6,1,0
BRDA:138,7,0,0
BRDA:138,7,1,0
BRDA:144,8,0,0
BRDA:144,8,1,0
BRDA:155,9,0,0
BRDA:155,9,1,0
BRDA:165,10,0,0
BRDA:165,10,1,0
BRDA:182,11,0,0
BRDA:182,11,1,0
BRDA:186,12,0,0
BRDA:186,12,1,0
BRDA:186,13,0,0
BRDA:186,13,1,0
BRDA:187,14,0,0
BRDA:187,14,1,0
BRDA:188,15,0,0
BRDA:188,15,1,0
BRDA:213,16,0,0
BRDA:213,16,1,0
BRDA:214,17,0,0
BRDA:214,17,1,0
BRDA:215,18,0,0
BRDA:215,18,1,0
BRDA:227,19,0,0
BRDA:227,19,1,0
BRDA:256,20,0,0
BRDA:256,20,1,0
BRDA:281,21,0,0
BRDA:281,21,1,0
BRF:41
BRH:0
end_of_record
TN:
SF:backend\src\controllers\entities\deliveryDates\deliveryDatesValidator.js
FN:7,(anonymous_0)
FN:74,isValidDate
FN:89,(anonymous_2)
FN:102,(anonymous_3)
FN:116,(anonymous_4)
FN:120,(anonymous_5)
FNF:6
FNH:0
FNDA:0,(anonymous_0)
FNDA:0,isValidDate
FNDA:0,(anonymous_2)
FNDA:0,(anonymous_3)
FNDA:0,(anonymous_4)
FNDA:0,(anonymous_5)
DA:7,0
DA:8,0
DA:11,0
DA:12,0
DA:16,0
DA:17,0
DA:21,0
DA:22,0
DA:23,0
DA:24,0
DA:25,0
DA:26,0
DA:30,0
DA:31,0
DA:32,0
DA:33,0
DA:37,0
DA:38,0
DA:39,0
DA:40,0
DA:44,0
DA:45,0
DA:46,0
DA:51,0
DA:52,0
DA:56,0
DA:57,0
DA:61,0
DA:62,0
DA:65,0
DA:75,0
DA:78,0
DA:79,0
DA:82,0
DA:83,0
DA:89,0
DA:90,0
DA:91,0
DA:92,0
DA:94,0
DA:95,0
DA:102,0
DA:103,0
DA:104,0
DA:105,0
DA:107,0
DA:108,0
DA:116,0
DA:117,0
DA:118,0
DA:120,0
DA:121,0
DA:123,0
DA:124,0
DA:130,0
DA:134,0
DA:137,0
LF:57
LH:0
BRDA:11,0,0,0
BRDA:11,0,1,0
BRDA:11,1,0,0
BRDA:11,1,1,0
BRDA:11,1,2,0
BRDA:16,2,0,0
BRDA:16,2,1,0
BRDA:16,3,0,0
BRDA:16,3,1,0
BRDA:16,3,2,0
BRDA:21,4,0,0
BRDA:21,4,1,0
BRDA:21,5,0,0
BRDA:21,5,1,0
BRDA:21,5,2,0
BRDA:23,6,0,0
BRDA:23,6,1,0
BRDA:25,7,0,0
BRDA:25,7,1,0
BRDA:30,8,0,0
BRDA:30,8,1,0
BRDA:30,9,0,0
BRDA:30,9,1,0
BRDA:30,9,2,0
BRDA:32,10,0,0
BRDA:32,10,1,0
BRDA:37,11,0,0
BRDA:37,11,1,0
BRDA:37,12,0,0
BRDA:37,12,1,0
BRDA:37,12,2,0
BRDA:39,13,0,0
BRDA:39,13,1,0
BRDA:44,14,0,0
BRDA:44,14,1,0
BRDA:44,15,0,0
BRDA:44,15,1,0
BRDA:44,15,2,0
BRDA:45,16,0,0
BRDA:45,16,1,0
BRDA:51,17,0,0
BRDA:51,17,1,0
BRDA:51,18,0,0
BRDA:51,18,1,0
BRDA:56,19,0,0
BRDA:56,19,1,0
BRDA:56,20,0,0
BRDA:56,20,1,0
BRDA:61,21,0,0
BRDA:61,21,1,0
BRDA:61,22,0,0
BRDA:61,22,1,0
BRDA:61,22,2,0
BRDA:75,23,0,0
BRDA:75,23,1,0
BRDA:79,24,0,0
BRDA:79,24,1,0
BRDA:83,25,0,0
BRDA:83,25,1,0
BRDA:123,26,0,0
BRDA:123,26,1,0
BRF:61
BRH:0
end_of_record
TN:
SF:backend\src\controllers\entities\references\referencesController.js
FN:27,(anonymous_0)
FN:49,(anonymous_1)
FN:81,(anonymous_2)
FN:114,(anonymous_3)
FN:156,(anonymous_4)
FN:188,(anonymous_5)
FN:212,(anonymous_6)
FNF:7
FNH:0
FNDA:0,(anonymous_0)
FNDA:0,(anonymous_1)
FNDA:0,(anonymous_2)
FNDA:0,(anonymous_3)
FNDA:0,(anonymous_4)
FNDA:0,(anonymous_5)
FNDA:0,(anonymous_6)
DA:10,0
DA:18,0
DA:19,0
DA:20,0
DA:21,0
DA:27,0
DA:28,0
DA:29,0
DA:30,0
DA:31,0
DA:32,0
DA:37,0
DA:38,0
DA:49,0
DA:50,0
DA:51,0
DA:52,0
DA:53,0
DA:55,0
DA:56,0
DA:57,0
DA:62,0
DA:63,0
DA:64,0
DA:69,0
DA:70,0
DA:81,0
DA:82,0
DA:83,0
DA:84,0
DA:86,0
DA:87,0
DA:88,0
DA:94,0
DA:95,0
DA:96,0
DA:102,0
DA:103,0
DA:114,0
DA:115,0
DA:116,0
DA:117,0
DA:118,0
DA:119,0
DA:121,0
DA:122,0
DA:123,0
DA:129,0
DA:130,0
DA:131,0
DA:137,0
DA:138,0
DA:139,0
DA:144,0
DA:145,0
DA:156,0
DA:157,0
DA:158,0
DA:159,0
DA:160,0
DA:162,0
DA:163,0
DA:164,0
DA:169,0
DA:170,0
DA:171,0
DA:176,0
DA:177,0
DA:188,0
DA:189,0
DA:190,0
DA:191,0
DA:193,0
DA:194,0
DA:195,0
DA:200,0
DA:201,0
DA:212,0
DA:213,0
DA:214,0
DA:216,0
DA:217,0
DA:224,0
DA:226,0
DA:227,0
DA:234,0
DA:236,0
DA:238,0
DA:239,0
DA:247,0
LF:90
LH:0
BRDA:62,0,0,0
BRDA:62,0,1,0
BRDA:94,1,0,0
BRDA:94,1,1,0
BRDA:129,2,0,0
BRDA:129,2,1,0
BRDA:137,3,0,0
BRDA:137,3,1,0
BRDA:169,4,0,0
BRDA:169,4,1,0
BRDA:216,5,0,0
BRDA:216,5,1,0
BRDA:226,6,0,0
BRDA:226,6,1,0
BRDA:242,7,0,0
BRDA:242,7,1,0
BRF:16
BRH:0
end_of_record
TN:
SF:backend\src\controllers\entities\references\referencesService.js
FN:15,getAllReferences
FN:26,(anonymous_1)
FN:43,(anonymous_2)
FN:59,getReferenceById
FN:91,(anonymous_4)
FN:104,createReference
FN:106,(anonymous_6)
FN:147,updateReference
FN:157,(anonymous_8)
FN:264,deleteReference
FN:273,(anonymous_10)
FN:295,getReferencesByCorreria
FNF:12
FNH:0
FNDA:0,getAllReferences
FNDA:0,(anonymous_1)
FNDA:0,(anonymous_2)
FNDA:0,getReferenceById
FNDA:0,(anonymous_4)
FNDA:0,createReference
FNDA:0,(anonymous_6)
FNDA:0,updateReference
FNDA:0,(anonymous_8)
FNDA:0,deleteReference
FNDA:0,(anonymous_10)
FNDA:0,getReferencesByCorreria
DA:6,0
DA:7,0
DA:8,0
DA:9,0
DA:16,0
DA:17,0
DA:23,0
DA:26,0
DA:27,0
DA:33,0
DA:43,0
DA:47,0
DA:48,0
DA:50,0
DA:51,0
DA:60,0
DA:61,0
DA:67,0
DA:68,0
DA:71,0
DA:74,0
DA:80,0
DA:81,0
DA:91,0
DA:94,0
DA:95,0
DA:96,0
DA:105,0
DA:106,0
DA:108,0
DA:124,0
DA:125,0
DA:133,0
DA:135,0
DA:136,0
DA:138,0
DA:139,0
DA:148,0
DA:150,0
DA:151,0
DA:152,0
DA:156,0
DA:157,0
DA:159,0
DA:160,0
DA:161,0
DA:163,0
DA:164,0
DA:165,0
DA:167,0
DA:168,0
DA:169,0
DA:171,0
DA:172,0
DA:173,0
DA:175,0
DA:176,0
DA:177,0
DA:179,0
DA:180,0
DA:181,0
DA:183,0
DA:184,0
DA:185,0
DA:187,0
DA:188,0
DA:189,0
DA:192,0
DA:193,0
DA:194,0
DA:195,0
DA:199,0
DA:202,0
DA:203,0
DA:208,0
DA:209,0
DA:210,0
DA:212,0
DA:213,0
DA:214,0
DA:216,0
DA:217,0
DA:218,0
DA:220,0
DA:221,0
DA:222,0
DA:224,0
DA:225,0
DA:226,0
DA:228,0
DA:229,0
DA:230,0
DA:232,0
DA:233,0
DA:234,0
DA:236,0
DA:237,0
DA:238,0
DA:241,0
DA:242,0
DA:243,0
DA:244,0
DA:249,0
DA:251,0
DA:252,0
DA:254,0
DA:255,0
DA:256,0
DA:265,0
DA:267,0
DA:268,0
DA:269,0
DA:273,0
DA:275,0
DA:277,0
DA:281,0
DA:283,0
DA:285,0
DA:286,0
DA:287,0
DA:296,0
DA:297,0
DA:305,0
DA:306,0
DA:308,0
DA:309,0
DA:313,0
LF:127
LH:0
BRDA:67,0,0,0
BRDA:67,0,1,0
BRDA:94,1,0,0
BRDA:94,1,1,0
BRDA:116,2,0,0
BRDA:116,2,1,0
BRDA:117,3,0,0
BRDA:117,3,1,0
BRDA:118,4,0,0
BRDA:118,4,1,0
BRDA:119,5,0,0
BRDA:119,5,1,0
BRDA:151,6,0,0
BRDA:151,6,1,0
BRDA:156,7,0,0
BRDA:156,7,1,0
BRDA:163,8,0,0
BRDA:163,8,1,0
BRDA:167,9,0,0
BRDA:167,9,1,0
BRDA:171,10,0,0
BRDA:171,10,1,0
BRDA:175,11,0,0
BRDA:175,11,1,0
BRDA:179,12,0,0
BRDA:179,12,1,0
BRDA:183,13,0,0
BRDA:183,13,1,0
BRDA:187,14,0,0
BRDA:187,14,1,0
BRDA:192,15,0,0
BRDA:192,15,1,0
BRDA:212,16,0,0
BRDA:212,16,1,0
BRDA:216,17,0,0
BRDA:216,17,1,0
BRDA:220,18,0,0
BRDA:220,18,1,0
BRDA:224,19,0,0
BRDA:224,19,1,0
BRDA:228,20,0,0
BRDA:228,20,1,0
BRDA:232,21,0,0
BRDA:232,21,1,0
BRDA:236,22,0,0
BRDA:236,22,1,0
BRDA:241,23,0,0
BRDA:241,23,1,0
BRDA:254,24,0,0
BRDA:254,24,1,0
BRDA:268,25,0,0
BRDA:268,25,1,0
BRDA:285,26,0,0
BRDA:285,26,1,0
BRF:54
BRH:0
end_of_record
TN:
SF:backend\src\controllers\entities\references\referencesValidator.js
FN:18,validateCreateReference
FN:58,validateUpdateReference
FN:98,validateReferenceId
FNF:3
FNH:0
FNDA:0,validateCreateReference
FNDA:0,validateUpdateReference
FNDA:0,validateReferenceId
DA:12,0
DA:13,0
DA:19,0
DA:22,0
DA:23,0
DA:26,0
DA:27,0
DA:30,0
DA:31,0
DA:33,0
DA:34,0
DA:35,0
DA:36,0
DA:37,0
DA:42,0
DA:43,0
DA:46,0
DA:47,0
DA:50,0
DA:51,0
DA:59,0
DA:62,0
DA:63,0
DA:64,0
DA:68,0
DA:69,0
DA:70,0
DA:71,0
DA:72,0
DA:73,0
DA:78,0
DA:79,0
DA:80,0
DA:84,0
DA:85,0
DA:86,0
DA:90,0
DA:91,0
DA:99,0
DA:100,0
DA:101,0
DA:105,0
LF:42
LH:0
BRDA:23,0,0,0
BRDA:23,0,1,0
BRDA:27,1,0,0
BRDA:27,1,1,0
BRDA:30,2,0,0
BRDA:30,2,1,0
BRDA:30,3,0,0
BRDA:30,3,1,0
BRDA:34,4,0,0
BRDA:34,4,1,0
BRDA:36,5,0,0
BRDA:36,5,1,0
BRDA:43,6,0,0
BRDA:43,6,1,0
BRDA:46,7,0,0
BRDA:46,7,1,0
BRDA:46,8,0,0
BRDA:46,8,1,0
BRDA:50,9,0,0
BRDA:50,9,1,0
BRDA:62,10,0,0
BRDA:62,10,1,0
BRDA:64,11,0,0
BRDA:64,11,1,0
BRDA:68,12,0,0
BRDA:68,12,1,0
BRDA:70,13,0,0
BRDA:70,13,1,0
BRDA:72,14,0,0
BRDA:72,14,1,0
BRDA:78,15,0,0
BRDA:78,15,1,0
BRDA:80,16,0,0
BRDA:80,16,1,0
BRDA:84,17,0,0
BRDA:84,17,1,0
BRDA:85,18,0,0
BRDA:85,18,1,0
BRDA:85,19,0,0
BRDA:85,19,1,0
BRDA:90,20,0,0
BRDA:90,20,1,0
BRDA:100,21,0,0
BRDA:100,21,1,0
BRF:44
BRH:0
end_of_record
TN:
SF:backend\src\controllers\entities\sellers\sellersController.js
FN:19,(anonymous_0)
FN:30,(anonymous_1)
FN:45,(anonymous_2)
FN:59,(anonymous_3)
FN:78,(anonymous_4)
FNF:5
FNH:0
FNDA:0,(anonymous_0)
FNDA:0,(anonymous_1)
FNDA:0,(anonymous_2)
FNDA:0,(anonymous_3)
FNDA:0,(anonymous_4)
DA:9,0
DA:16,0
DA:17,0
DA:19,0
DA:20,0
DA:21,0
DA:22,0
DA:23,0
DA:25,0
DA:26,0
DA:30,0
DA:31,0
DA:32,0
DA:33,0
DA:34,0
DA:35,0
DA:37,0
DA:38,0
DA:40,0
DA:41,0
DA:45,0
DA:46,0
DA:47,0
DA:48,0
DA:49,0
DA:51,0
DA:52,0
DA:54,0
DA:55,0
DA:59,0
DA:60,0
DA:61,0
DA:62,0
DA:63,0
DA:64,0
DA:65,0
DA:67,0
DA:68,0
DA:70,0
DA:71,0
DA:73,0
DA:74,0
DA:78,0
DA:79,0
DA:80,0
DA:81,0
DA:82,0
DA:83,0
DA:85,0
DA:86,0
DA:88,0
DA:89,0
DA:93,0
LF:53
LH:0
BRDA:37,0,0,0
BRDA:37,0,1,0
BRDA:51,1,0,0
BRDA:51,1,1,0
BRDA:67,2,0,0
BRDA:67,2,1,0
BRDA:70,3,0,0
BRDA:70,3,1,0
BRDA:85,4,0,0
BRDA:85,4,1,0
BRF:10
BRH:0
end_of_record
TN:
SF:backend\src\controllers\entities\sellers\sellersService.js
FN:13,getAllSellers
FN:27,getSellerById
FN:43,createSeller
FN:61,updateSeller
FN:96,deleteSeller
FNF:5
FNH:0
FNDA:0,getAllSellers
FNDA:0,getSellerById
FNDA:0,createSeller
FNDA:0,updateSeller
FNDA:0,deleteSeller
DA:5,0
DA:6,0
DA:7,0
DA:8,0
DA:14,0
DA:15,0
DA:16,0
DA:17,0
DA:19,0
DA:20,0
DA:28,0
DA:29,0
DA:30,0
DA:31,0
DA:32,0
DA:34,0
DA:35,0
DA:36,0
DA:44,0
DA:45,0
DA:48,0
DA:50,0
DA:51,0
DA:53,0
DA:54,0
DA:62,0
DA:63,0
DA:64,0
DA:66,0
DA:67,0
DA:68,0
DA:70,0
DA:71,0
DA:72,0
DA:75,0
DA:76,0
DA:77,0
DA:78,0
DA:82,0
DA:84,0
DA:85,0
DA:87,0
DA:88,0
DA:89,0
DA:97,0
DA:98,0
DA:99,0
DA:100,0
DA:103,0
DA:105,0
DA:107,0
DA:108,0
DA:109,0
DA:113,0
LF:54
LH:0
BRDA:30,0,0,0
BRDA:30,0,1,0
BRDA:34,1,0,0
BRDA:34,1,1,0
BRDA:64,2,0,0
BRDA:64,2,1,0
BRDA:70,3,0,0
BRDA:70,3,1,0
BRDA:75,4,0,0
BRDA:75,4,1,0
BRDA:87,5,0,0
BRDA:87,5,1,0
BRDA:99,6,0,0
BRDA:99,6,1,0
BRDA:107,7,0,0
BRDA:107,7,1,0
BRF:16
BRH:0
end_of_record
TN:
SF:backend\src\controllers\entities\sellers\sellersValidator.js
FN:8,validateCreateSeller
FN:22,validateUpdateSeller
FN:35,validateSellerId
FNF:3
FNH:0
FNDA:0,validateCreateSeller
FNDA:0,validateUpdateSeller
FNDA:0,validateSellerId
DA:5,0
DA:6,0
DA:9,0
DA:11,0
DA:12,0
DA:14,0
DA:15,0
DA:17,0
DA:18,0
DA:23,0
DA:25,0
DA:26,0
DA:27,0
DA:30,0
DA:31,0
DA:36,0
DA:37,0
DA:38,0
DA:42,0
LF:19
LH:0
BRDA:12,0,0,0
BRDA:12,0,1,0
BRDA:15,1,0,0
BRDA:15,1,1,0
BRDA:17,2,0,0
BRDA:17,2,1,0
BRDA:25,3,0,0
BRDA:25,3,1,0
BRDA:27,4,0,0
BRDA:27,4,1,0
BRDA:30,5,0,0
BRDA:30,5,1,0
BRDA:37,6,0,0
BRDA:37,6,1,0
BRF:14
BRH:0
end_of_record
TN:
SF:backend\src\controllers\shared\errorHandler.js
FN:12,(anonymous_0)
FN:24,(anonymous_1)
FN:37,(anonymous_2)
FN:49,(anonymous_3)
FN:60,errorHandler
FNF:5
FNH:0
FNDA:0,(anonymous_0)
FNDA:0,(anonymous_1)
FNDA:0,(anonymous_2)
FNDA:0,(anonymous_3)
FNDA:0,errorHandler
DA:6,0
DA:13,0
DA:14,0
DA:15,0
DA:16,0
DA:25,0
DA:26,0
DA:27,0
DA:28,0
DA:29,0
DA:38,0
DA:39,0
DA:40,0
DA:41,0
DA:50,0
DA:51,0
DA:52,0
DA:61,0
DA:66,0
DA:67,0
DA:74,0
DA:75,0
DA:81,0
DA:82,0
DA:89,0
DA:95,0
LF:26
LH:0
BRDA:66,0,0,0
BRDA:66,0,1,0
BRDA:74,1,0,0
BRDA:74,1,1,0
BRDA:81,2,0,0
BRDA:81,2,1,0
BRF:6
BRH:0
end_of_record
TN:
SF:backend\src\controllers\shared\logger.js
FN:25,formatLog
FN:36,sanitizeCredentials
FN:57,(anonymous_2)
FN:63,(anonymous_3)
FN:69,(anonymous_4)
FN:75,(anonymous_5)
FN:89,(anonymous_6)
FN:111,(anonymous_7)
FN:133,(anonymous_8)
FN:155,(anonymous_9)
FN:176,(anonymous_10)
FN:205,(anonymous_11)
FNF:12
FNH:12
FNDA:629,formatLog
FNDA:105,sanitizeCredentials
FNDA:51,(anonymous_2)
FNDA:153,(anonymous_3)
FNDA:1,(anonymous_4)
FNDA:1,(anonymous_5)
FNDA:54,(anonymous_6)
FNDA:103,(anonymous_7)
FNDA:53,(anonymous_8)
FNDA:54,(anonymous_9)
FNDA:105,(anonymous_10)
FNDA:54,(anonymous_11)
DA:10,4
DA:18,4
DA:26,629
DA:27,629
DA:28,629
DA:37,105
DA:38,0
DA:41,105
DA:42,105
DA:44,105
DA:45,630
DA:46,210
DA:50,105
DA:56,4
DA:58,51
DA:59,51
DA:64,153
DA:65,153
DA:70,1
DA:71,1
DA:76,1
DA:77,1
DA:78,1
DA:90,54
DA:91,54
DA:92,54
DA:98,54
DA:112,103
DA:113,103
DA:114,103
DA:122,103
DA:134,53
DA:135,53
DA:136,53
DA:143,53
DA:156,54
DA:157,54
DA:158,54
DA:166,54
DA:167,54
DA:177,105
DA:178,105
DA:179,105
DA:192,105
DA:193,105
DA:206,54
DA:207,54
DA:208,54
DA:209,54
DA:217,54
DA:218,32
DA:219,22
DA:220,22
DA:225,4
DA:226,4
LF:55
LH:54
BRDA:18,0,0,0
BRDA:18,0,1,4
BRDA:20,1,0,0
BRDA:20,1,1,4
BRDA:27,2,0,576
BRDA:27,2,1,53
BRDA:37,3,0,0
BRDA:37,3,1,105
BRDA:37,4,0,105
BRDA:37,4,1,105
BRDA:45,5,0,210
BRDA:45,5,1,420
BRDA:58,6,0,51
BRDA:58,6,1,0
BRDA:64,7,0,153
BRDA:64,7,1,0
BRDA:70,8,0,1
BRDA:70,8,1,0
BRDA:76,9,0,1
BRDA:76,9,1,0
BRDA:77,10,0,1
BRDA:77,10,1,0
BRDA:89,11,0,0
BRDA:89,12,0,0
BRDA:90,13,0,54
BRDA:90,13,1,0
BRDA:93,14,0,54
BRDA:93,14,1,14
BRDA:94,15,0,42
BRDA:94,15,1,12
BRDA:111,16,0,51
BRDA:112,17,0,103
BRDA:112,17,1,0
BRDA:119,18,0,52
BRDA:119,18,1,51
BRDA:133,19,0,1
BRDA:134,20,0,53
BRDA:134,20,1,0
BRDA:155,21,0,53
BRDA:156,22,0,54
BRDA:156,22,1,0
BRDA:161,23,0,54
BRDA:161,23,1,0
BRDA:162,24,0,54
BRDA:162,24,1,0
BRDA:166,25,0,54
BRDA:166,25,1,0
BRDA:177,26,0,105
BRDA:177,26,1,0
BRDA:205,27,0,2
BRDA:206,28,0,32
BRDA:206,28,1,22
BRDA:207,29,0,32
BRDA:207,29,1,22
BRDA:208,30,0,32
BRDA:208,30,1,22
BRDA:217,31,0,32
BRDA:217,31,1,22
BRDA:217,32,0,54
BRDA:217,32,1,32
BRDA:219,33,0,22
BRDA:219,33,1,0
BRDA:219,34,0,22
BRDA:219,34,1,22
BRF:64
BRH:45
end_of_record
TN:
SF:backend\src\controllers\shared\validators.js
FN:11,validateRequired
FN:21,validateType
FN:34,validateRange
FN:47,validateEnum
FN:60,validateEmail
FN:71,validateNumber
FN:81,validateString
FN:97,validateId
FN:106,validateMultiple
FNF:9
FNH:0
FNDA:0,validateRequired
FNDA:0,validateType
FNDA:0,validateRange
FNDA:0,validateEnum
FNDA:0,validateEmail
FNDA:0,validateNumber
FNDA:0,validateString
FNDA:0,validateId
FNDA:0,validateMultiple
DA:6,0
DA:12,0
DA:13,0
DA:15,0
DA:22,0
DA:23,0
DA:28,0
DA:35,0
DA:36,0
DA:41,0
DA:48,0
DA:49,0
DA:54,0
DA:61,0
DA:62,0
DA:63,0
DA:65,0
DA:72,0
DA:73,0
DA:75,0
DA:82,0
DA:83,0
DA:85,0
DA:86,0
DA:88,0
DA:89,0
DA:91,0
DA:98,0
DA:99,0
DA:100,0
DA:107,0
DA:109,0
DA:110,0
DA:111,0
DA:112,0
DA:116,0
DA:117,0
DA:121,0
LF:38
LH:0
BRDA:12,0,0,0
BRDA:12,0,1,0
BRDA:12,1,0,0
BRDA:12,1,1,0
BRDA:12,1,2,0
BRDA:22,2,0,0
BRDA:22,2,1,0
BRDA:35,3,0,0
BRDA:35,3,1,0
BRDA:35,4,0,0
BRDA:35,4,1,0
BRDA:48,5,0,0
BRDA:48,5,1,0
BRDA:60,6,0,0
BRDA:62,7,0,0
BRDA:62,7,1,0
BRDA:72,8,0,0
BRDA:72,8,1,0
BRDA:72,9,0,0
BRDA:72,9,1,0
BRDA:81,10,0,0
BRDA:81,11,0,0
BRDA:82,12,0,0
BRDA:82,12,1,0
BRDA:85,13,0,0
BRDA:85,13,1,0
BRDA:88,14,0,0
BRDA:88,14,1,0
BRDA:97,15,0,0
BRDA:99,16,0,0
BRDA:99,16,1,0
BRDA:111,17,0,0
BRDA:111,17,1,0
BRDA:116,18,0,0
BRDA:116,18,1,0
BRF:35
BRH:0
end_of_record
TN:
SF:backend\src\middleware\audit.js
FN:19,auditMiddleware
FN:20,(anonymous_1)
FN:25,(anonymous_2)
FN:84,captureOldDataMiddleware
FN:85,(anonymous_4)
FNF:5
FNH:0
FNDA:0,auditMiddleware
FNDA:0,(anonymous_1)
FNDA:0,(anonymous_2)
FNDA:0,captureOldDataMiddleware
FNDA:0,(anonymous_4)
DA:8,0
DA:20,0
DA:22,0
DA:25,0
DA:27,0
DA:28,0
DA:29,0
DA:30,0
DA:31,0
DA:34,0
DA:35,0
DA:36,0
DA:38,0
DA:39,0
DA:40,0
DA:41,0
DA:42,0
DA:43,0
DA:44,0
DA:45,0
DA:46,0
DA:47,0
DA:51,0
DA:52,0
DA:64,0
DA:70,0
DA:73,0
DA:85,0
DA:86,0
DA:87,0
DA:88,0
DA:90,0
DA:93,0
DA:102,0
DA:103,0
DA:104,0
DA:108,0
DA:109,0
DA:112,0
DA:114,0
DA:116,0
DA:118,0
DA:123,0
LF:43
LH:0
BRDA:27,0,0,0
BRDA:27,0,1,0
BRDA:27,1,0,0
BRDA:27,1,1,0
BRDA:29,2,0,0
BRDA:29,2,1,0
BRDA:30,3,0,0
BRDA:30,3,1,0
BRDA:38,4,0,0
BRDA:38,4,1,0
BRDA:40,5,0,0
BRDA:40,5,1,0
BRDA:41,6,0,0
BRDA:41,6,1,0
BRDA:45,7,0,0
BRDA:45,7,1,0
BRDA:51,8,0,0
BRDA:51,8,1,0
BRDA:103,9,0,0
BRDA:103,9,1,0
BRF:20
BRH:0
end_of_record
TN:
SF:backend\src\middleware\auth.js
FN:14,(anonymous_0)
FN:81,(anonymous_1)
FN:106,(anonymous_2)
FNF:3
FNH:0
FNDA:0,(anonymous_0)
FNDA:0,(anonymous_1)
FNDA:0,(anonymous_2)
DA:8,0
DA:14,0
DA:15,0
DA:18,0
DA:20,0
DA:21,0
DA:28,0
DA:32,0
DA:33,0
DA:40,0
DA:44,0
DA:52,0
DA:56,0
DA:57,0
DA:63,0
DA:64,0
DA:70,0
DA:81,0
DA:82,0
DA:83,0
DA:89,0
DA:90,0
DA:92,0
DA:93,0
DA:99,0
DA:106,0
DA:107,0
DA:108,0
DA:114,0
DA:115,0
DA:117,0
DA:118,0
DA:124,0
DA:127,0
LF:34
LH:0
BRDA:20,0,0,0
BRDA:20,0,1,0
BRDA:28,1,0,0
BRDA:28,1,1,0
BRDA:32,2,0,0
BRDA:32,2,1,0
BRDA:40,3,0,0
BRDA:40,3,1,0
BRDA:56,4,0,0
BRDA:56,4,1,0
BRDA:63,5,0,0
BRDA:63,5,1,0
BRDA:82,6,0,0
BRDA:82,6,1,0
BRDA:89,7,0,0
BRDA:89,7,1,0
BRDA:92,8,0,0
BRDA:92,8,1,0
BRDA:107,9,0,0
BRDA:107,9,1,0
BRDA:114,10,0,0
BRDA:114,10,1,0
BRDA:117,11,0,0
BRDA:117,11,1,0
BRDA:117,12,0,0
BRDA:117,12,1,0
BRF:26
BRH:0
end_of_record
TN:
SF:backend\src\middleware\cacheMiddleware.js
FN:16,cacheMiddleware
FN:19,(anonymous_1)
FN:39,(anonymous_2)
FN:59,invalidateCacheMiddleware
FN:60,(anonymous_4)
FN:65,(anonymous_5)
FNF:6
FNH:0
FNDA:0,cacheMiddleware
FNDA:0,(anonymous_1)
FNDA:0,(anonymous_2)
FNDA:0,invalidateCacheMiddleware
FNDA:0,(anonymous_4)
FNDA:0,(anonymous_5)
DA:8,0
DA:17,0
DA:19,0
DA:21,0
DA:22,0
DA:26,0
DA:29,0
DA:30,0
DA:31,0
DA:32,0
DA:36,0
DA:39,0
DA:41,0
DA:42,0
DA:43,0
DA:47,0
DA:50,0
DA:60,0
DA:62,0
DA:65,0
DA:67,0
DA:69,0
DA:70,0
DA:74,0
DA:77,0
DA:81,0
LF:26
LH:0
BRDA:16,0,0,0
BRDA:17,1,0,0
BRDA:21,2,0,0
BRDA:21,2,1,0
BRDA:30,3,0,0
BRDA:30,3,1,0
BRDA:41,4,0,0
BRDA:41,4,1,0
BRDA:41,5,0,0
BRDA:41,5,1,0
BRDA:67,6,0,0
BRDA:67,6,1,0
BRDA:67,7,0,0
BRDA:67,7,1,0
BRF:14
BRH:0
end_of_record
TN:
SF:backend\src\middleware\editRestriction.js
FN:14,(anonymous_0)
FNF:1
FNH:0
FNDA:0,(anonymous_0)
DA:8,0
DA:14,0
DA:15,0
DA:16,0
DA:23,0
DA:24,0
DA:30,0
DA:33,0
LF:8
LH:0
BRDA:15,0,0,0
BRDA:15,0,1,0
BRDA:23,1,0,0
BRDA:23,1,1,0
BRF:4
BRH:0
end_of_record
TN:
SF:backend\src\middleware\rateLimiter.js
FN:9,(anonymous_0)
FN:12,(anonymous_1)
FN:19,(anonymous_2)
FN:20,(anonymous_3)
FN:64,(anonymous_4)
FN:79,createRateLimiter
FN:83,(anonymous_6)
FN:91,createLoginRateLimiter
FN:95,(anonymous_8)
FN:102,createApiRateLimiter
FN:106,(anonymous_10)
FNF:11
FNH:0
FNDA:0,(anonymous_0)
FNDA:0,(anonymous_1)
FNDA:0,(anonymous_2)
FNDA:0,(anonymous_3)
FNDA:0,(anonymous_4)
FNDA:0,createRateLimiter
FNDA:0,(anonymous_6)
FNDA:0,createLoginRateLimiter
FNDA:0,(anonymous_8)
FNDA:0,createApiRateLimiter
FNDA:0,(anonymous_10)
DA:10,0
DA:11,0
DA:12,0
DA:13,0
DA:20,0
DA:21,0
DA:22,0
DA:25,0
DA:28,0
DA:29,0
DA:33,0
DA:37,0
DA:40,0
DA:43,0
DA:44,0
DA:45,0
DA:48,0
DA:49,0
DA:57,0
DA:65,0
DA:66,0
DA:67,0
DA:68,0
DA:80,0
DA:83,0
DA:85,0
DA:92,0
DA:95,0
DA:103,0
DA:106,0
DA:110,0
LF:31
LH:0
BRDA:9,0,0,0
BRDA:10,1,0,0
BRDA:10,1,1,0
BRDA:11,2,0,0
BRDA:11,2,1,0
BRDA:12,3,0,0
BRDA:12,3,1,0
BRDA:28,4,0,0
BRDA:28,4,1,0
BRDA:28,5,0,0
BRDA:28,5,1,0
BRDA:48,6,0,0
BRDA:48,6,1,0
BRDA:67,7,0,0
BRDA:67,7,1,0
BRDA:79,8,0,0
BRDA:95,9,0,0
BRDA:95,9,1,0
BRDA:106,10,0,0
BRDA:106,10,1,0
BRF:20
BRH:0
end_of_record
TN:
SF:backend\src\middleware\remoteClientTracking.js
FN:16,trackRemoteClient
FN:74,logDatabaseOperation
FN:79,(anonymous_2)
FNF:3
FNH:0
FNDA:0,trackRemoteClient
FNDA:0,logDatabaseOperation
FNDA:0,(anonymous_2)
DA:9,0
DA:10,0
DA:17,0
DA:19,0
DA:26,0
DA:29,0
DA:39,0
DA:40,0
DA:41,0
DA:44,0
DA:46,0
DA:48,0
DA:49,0
DA:55,0
DA:63,0
DA:65,0
DA:66,0
DA:75,0
DA:77,0
DA:79,0
DA:81,0
DA:82,0
DA:83,0
DA:93,0
DA:96,0
DA:98,0
DA:99,0
DA:103,0
LF:28
LH:0
BRDA:19,0,0,0
BRDA:19,0,1,0
BRDA:19,0,2,0
BRDA:19,0,3,0
BRDA:19,0,4,0
BRDA:44,1,0,0
BRDA:44,1,1,0
BRDA:44,2,0,0
BRDA:44,2,1,0
BRDA:44,2,2,0
BRDA:46,3,0,0
BRDA:46,3,1,0
BRDA:46,4,0,0
BRDA:46,4,1,0
BRDA:48,5,0,0
BRDA:48,5,1,0
BRDA:81,6,0,0
BRDA:81,6,1,0
BRDA:81,7,0,0
BRDA:81,7,1,0
BRDA:81,7,2,0
BRDA:82,8,0,0
BRDA:82,8,1,0
BRDA:82,9,0,0
BRDA:82,9,1,0
BRF:25
BRH:0
end_of_record
TN:
SF:backend\src\middleware\validation.js
FN:13,validateBody
FN:14,(anonymous_1)
FN:21,(anonymous_2)
FN:44,validateQuery
FN:45,(anonymous_4)
FN:52,(anonymous_5)
FN:75,validateParams
FN:76,(anonymous_7)
FN:83,(anonymous_8)
FNF:9
FNH:0
FNDA:0,validateBody
FNDA:0,(anonymous_1)
FNDA:0,(anonymous_2)
FNDA:0,validateQuery
FNDA:0,(anonymous_4)
FNDA:0,(anonymous_5)
FNDA:0,validateParams
FNDA:0,(anonymous_7)
FNDA:0,(anonymous_8)
DA:14,0
DA:15,0
DA:20,0
DA:21,0
DA:26,0
DA:34,0
DA:35,0
DA:45,0
DA:46,0
DA:51,0
DA:52,0
DA:57,0
DA:65,0
DA:66,0
DA:76,0
DA:77,0
DA:82,0
DA:83,0
DA:88,0
DA:96,0
DA:97,0
DA:101,0
LF:22
LH:0
BRDA:20,0,0,0
BRDA:20,0,1,0
BRDA:51,1,0,0
BRDA:51,1,1,0
BRDA:82,2,0,0
BRDA:82,2,1,0
BRF:6
BRH:0
end_of_record
TN:
SF:backend\src\routes\backupRoutes.js
FNF:0
FNH:0
DA:5,0
DA:6,0
DA:7,0
DA:8,0
DA:11,0
DA:12,0
DA:15,0
DA:18,0
DA:21,0
DA:24,0
DA:27,0
DA:29,0
LF:12
LH:0
BRF:0
BRH:0
end_of_record
TN:
SF:backend\src\routes\configReload.js
FN:42,(anonymous_0)
FNF:1
FNH:0
FNDA:0,(anonymous_0)
DA:11,0
DA:12,0
DA:13,0
DA:14,0
DA:15,0
DA:16,0
DA:42,0
DA:43,0
DA:44,0
DA:45,0
DA:47,0
DA:50,0
DA:53,0
DA:64,0
DA:66,0
DA:69,0
DA:70,0
DA:73,0
DA:75,0
DA:76,0
DA:78,0
DA:83,0
DA:97,0
DA:98,0
DA:100,0
DA:102,0
DA:103,0
DA:110,0
DA:114,0
LF:29
LH:0
BRDA:47,0,0,0
BRDA:47,0,1,0
BRDA:55,1,0,0
BRDA:55,1,1,0
BRDA:66,2,0,0
BRDA:66,2,1,0
BRDA:69,3,0,0
BRDA:69,3,1,0
BRDA:75,4,0,0
BRDA:75,4,1,0
BRF:10
BRH:0
end_of_record
TN:
SF:backend\src\routes\health.js
FN:65,(anonymous_0)
FNF:1
FNH:1
FNDA:463,(anonymous_0)
DA:12,2
DA:13,2
DA:14,2
DA:15,2
DA:16,2
DA:65,2
DA:66,463
DA:67,463
DA:69,463
DA:72,463
DA:75,462
DA:78,460
DA:79,460
DA:81,460
DA:82,237
DA:83,237
DA:84,237
DA:85,236
DA:86,236
DA:87,236
DA:89,1
DA:90,1
DA:91,1
DA:92,1
DA:97,460
DA:120,460
DA:121,200
DA:125,460
DA:126,460
DA:128,460
DA:130,3
DA:132,3
DA:133,3
DA:151,3
DA:155,2
LF:35
LH:35
BRDA:81,0,0,237
BRDA:81,0,1,223
BRDA:98,1,0,236
BRDA:98,1,1,224
BRDA:112,2,0,236
BRDA:112,2,1,224
BRDA:113,3,0,236
BRDA:113,3,1,0
BRDA:114,4,0,236
BRDA:114,4,1,0
BRDA:115,5,0,236
BRDA:115,5,1,236
BRDA:120,6,0,200
BRDA:120,6,1,260
BRDA:120,7,0,460
BRDA:120,7,1,224
BRDA:125,8,0,236
BRDA:125,8,1,224
BRDA:144,9,0,3
BRDA:144,9,1,0
BRF:20
BRH:17
end_of_record
TN:
SF:backend\src\routes\index.js
FNF:0
FNH:0
DA:8,0
DA:9,0
DA:12,0
DA:13,0
DA:14,0
DA:15,0
DA:16,0
DA:17,0
DA:18,0
DA:19,0
DA:22,0
DA:23,0
DA:32,0
DA:39,0
DA:50,0
DA:57,0
DA:64,0
DA:71,0
DA:75,0
DA:76,0
DA:77,0
DA:78,0
DA:79,0
DA:80,0
DA:84,0
DA:85,0
DA:86,0
DA:87,0
DA:88,0
DA:92,0
DA:93,0
DA:94,0
DA:95,0
DA:99,0
DA:100,0
DA:101,0
DA:102,0
DA:106,0
DA:107,0
DA:108,0
DA:109,0
DA:113,0
DA:114,0
DA:118,0
DA:119,0
DA:123,0
DA:124,0
DA:125,0
DA:126,0
DA:130,0
DA:131,0
DA:135,0
DA:136,0
DA:137,0
DA:141,0
DA:142,0
DA:143,0
DA:147,0
DA:148,0
DA:152,0
DA:153,0
DA:157,0
DA:158,0
DA:160,0
LF:64
LH:0
BRF:0
BRH:0
end_of_record
TN:
SF:backend\src\scripts\backupDatabase.js
FN:12,backupDatabase
FN:39,(anonymous_1)
FN:43,(anonymous_2)
FN:72,(anonymous_3)
FN:76,(anonymous_4)
FNF:5
FNH:0
FNDA:0,backupDatabase
FNDA:0,(anonymous_1)
FNDA:0,(anonymous_2)
FNDA:0,(anonymous_3)
FNDA:0,(anonymous_4)
DA:6,0
DA:7,0
DA:8,0
DA:9,0
DA:10,0
DA:13,0
DA:14,0
DA:15,0
DA:16,0
DA:17,0
DA:20,0
DA:21,0
DA:24,0
DA:25,0
DA:26,0
DA:27,0
DA:28,0
DA:31,0
DA:33,0
DA:34,0
DA:35,0
DA:36,0
DA:37,0
DA:39,0
DA:41,0
DA:43,0
DA:44,0
DA:45,0
DA:46,0
DA:47,0
DA:50,0
DA:51,0
DA:55,0
DA:56,0
DA:57,0
DA:58,0
DA:59,0
DA:60,0
DA:61,0
DA:62,0
DA:63,0
DA:65,0
DA:71,0
DA:73,0
DA:74,0
DA:77,0
DA:78,0
LF:47
LH:0
BRDA:20,0,0,0
BRDA:20,0,1,0
BRDA:24,1,0,0
BRDA:24,1,1,0
BRDA:25,2,0,0
BRDA:25,2,1,0
BRDA:26,3,0,0
BRDA:26,3,1,0
BRDA:27,4,0,0
BRDA:27,4,1,0
BRDA:28,5,0,0
BRDA:28,5,1,0
BRDA:44,6,0,0
BRDA:44,6,1,0
BRDA:50,7,0,0
BRDA:50,7,1,0
BRDA:50,8,0,0
BRDA:50,8,1,0
BRDA:55,9,0,0
BRDA:55,9,1,0
BRF:20
BRH:0
end_of_record
TN:
SF:backend\src\scripts\backupRestoreClients.js
FN:20,(anonymous_0)
FN:28,(anonymous_1)
FN:43,(anonymous_2)
FN:99,(anonymous_3)
FN:186,(anonymous_4)
FN:194,(anonymous_5)
FN:223,(anonymous_6)
FN:238,(anonymous_7)
FN:261,(anonymous_8)
FN:302,(anonymous_9)
FN:374,(anonymous_10)
FN:398,(anonymous_11)
FN:441,(anonymous_12)
FNF:13
FNH:0
FNDA:0,(anonymous_0)
FNDA:0,(anonymous_1)
FNDA:0,(anonymous_2)
FNDA:0,(anonymous_3)
FNDA:0,(anonymous_4)
FNDA:0,(anonymous_5)
FNDA:0,(anonymous_6)
FNDA:0,(anonymous_7)
FNDA:0,(anonymous_8)
FNDA:0,(anonymous_9)
FNDA:0,(anonymous_10)
FNDA:0,(anonymous_11)
FNDA:0,(anonymous_12)
DA:13,0
DA:14,0
DA:15,0
DA:16,0
DA:17,0
DA:21,0
DA:22,0
DA:29,0
DA:30,0
DA:31,0
DA:33,0
DA:34,0
DA:44,0
DA:45,0
DA:46,0
DA:48,0
DA:49,0
DA:52,0
DA:59,0
DA:71,0
DA:73,0
DA:74,0
DA:76,0
DA:85,0
DA:86,0
DA:100,0
DA:102,0
DA:103,0
DA:106,0
DA:107,0
DA:109,0
DA:113,0
DA:114,0
DA:116,0
DA:117,0
DA:120,0
DA:122,0
DA:124,0
DA:125,0
DA:128,0
DA:129,0
DA:131,0
DA:132,0
DA:146,0
DA:149,0
DA:150,0
DA:155,0
DA:157,0
DA:159,0
DA:168,0
DA:169,0
DA:173,0
DA:174,0
DA:187,0
DA:195,0
DA:196,0
DA:197,0
DA:199,0
DA:200,0
DA:201,0
DA:202,0
DA:204,0
DA:205,0
DA:206,0
DA:208,0
DA:217,0
DA:223,0
DA:225,0
DA:228,0
DA:229,0
DA:239,0
DA:241,0
DA:243,0
DA:246,0
DA:247,0
DA:250,0
DA:251,0
DA:255,0
DA:256,0
DA:257,0
DA:259,0
DA:260,0
DA:261,0
DA:263,0
DA:264,0
DA:266,0
DA:274,0
DA:287,0
DA:303,0
DA:305,0
DA:306,0
DA:307,0
DA:309,0
DA:310,0
DA:313,0
DA:314,0
DA:316,0
DA:317,0
DA:325,0
DA:328,0
DA:329,0
DA:331,0
DA:332,0
DA:334,0
DA:335,0
DA:337,0
DA:340,0
DA:350,0
DA:351,0
DA:362,0
DA:373,0
DA:374,0
DA:375,0
DA:376,0
DA:378,0
DA:380,0
DA:381,0
DA:382,0
DA:383,0
DA:386,0
DA:387,0
DA:388,0
DA:389,0
DA:391,0
DA:392,0
DA:393,0
DA:396,0
DA:397,0
DA:398,0
DA:399,0
DA:400,0
DA:401,0
DA:402,0
DA:403,0
DA:405,0
DA:408,0
DA:409,0
DA:410,0
DA:411,0
DA:413,0
DA:414,0
DA:415,0
DA:418,0
DA:419,0
DA:420,0
DA:423,0
DA:424,0
DA:425,0
DA:426,0
DA:427,0
DA:428,0
DA:429,0
DA:430,0
DA:431,0
DA:432,0
DA:433,0
DA:434,0
DA:435,0
DA:436,0
DA:437,0
DA:440,0
DA:442,0
DA:443,0
DA:447,0
LF:164
LH:0
BRDA:20,0,0,0
BRDA:21,1,0,0
BRDA:21,1,1,0
BRDA:43,2,0,0
BRDA:45,3,0,0
BRDA:45,3,1,0
BRDA:149,4,0,0
BRDA:149,4,1,0
BRDA:200,5,0,0
BRDA:200,5,1,0
BRDA:250,6,0,0
BRDA:250,6,1,0
BRDA:250,7,0,0
BRDA:250,7,1,0
BRDA:263,8,0,0
BRDA:263,8,1,0
BRDA:268,9,0,0
BRDA:268,9,1,0
BRDA:281,10,0,0
BRDA:281,10,1,0
BRDA:302,11,0,0
BRDA:309,12,0,0
BRDA:309,12,1,0
BRDA:328,13,0,0
BRDA:328,13,1,0
BRDA:328,14,0,0
BRDA:328,14,1,0
BRDA:334,15,0,0
BRDA:334,15,1,0
BRDA:373,16,0,0
BRDA:373,16,1,0
BRDA:378,17,0,0
BRDA:378,17,1,0
BRDA:378,17,2,0
BRDA:378,17,3,0
BRDA:378,17,4,0
BRDA:378,17,5,0
BRDA:380,18,0,0
BRDA:380,18,1,0
BRDA:387,19,0,0
BRDA:387,19,1,0
BRDA:409,20,0,0
BRDA:409,20,1,0
BRF:43
BRH:0
end_of_record
TN:
SF:backend\src\scripts\checkPostgresData.js
FN:10,checkPostgresData
FN:36,(anonymous_1)
FN:56,(anonymous_2)
FN:76,(anonymous_3)
FN:88,(anonymous_4)
FNF:5
FNH:0
FNDA:0,checkPostgresData
FNDA:0,(anonymous_1)
FNDA:0,(anonymous_2)
FNDA:0,(anonymous_3)
FNDA:0,(anonymous_4)
DA:6,0
DA:8,0
DA:11,0
DA:13,0
DA:15,0
DA:18,0
DA:19,0
DA:20,0
DA:22,0
DA:23,0
DA:24,0
DA:28,0
DA:29,0
DA:36,0
DA:37,0
DA:38,0
DA:39,0
DA:40,0
DA:41,0
DA:42,0
DA:46,0
DA:47,0
DA:55,0
DA:56,0
DA:57,0
DA:60,0
DA:68,0
DA:69,0
DA:74,0
DA:75,0
DA:77,0
DA:78,0
DA:79,0
DA:80,0
DA:81,0
DA:83,0
DA:85,0
DA:86,0
DA:89,0
DA:90,0
DA:94,0
LF:41
LH:0
BRDA:22,0,0,0
BRDA:22,0,1,0
BRDA:40,1,0,0
BRDA:40,1,1,0
BRDA:57,2,0,0
BRDA:57,2,1,0
BRDA:74,3,0,0
BRDA:74,3,1,0
BRDA:78,4,0,0
BRDA:78,4,1,0
BRF:10
BRH:0
end_of_record
TN:
SF:backend\src\scripts\checkSellersTable.js
FN:8,checkSellersTable
FN:36,(anonymous_1)
FN:43,(anonymous_2)
FNF:3
FNH:0
FNDA:0,checkSellersTable
FNDA:0,(anonymous_1)
FNDA:0,(anonymous_2)
DA:5,0
DA:6,0
DA:9,0
DA:10,0
DA:11,0
DA:14,0
DA:22,0
DA:23,0
DA:25,0
DA:27,0
DA:35,0
DA:36,0
DA:37,0
DA:41,0
DA:42,0
DA:43,0
DA:44,0
DA:47,0
DA:48,0
DA:50,0
DA:51,0
DA:52,0
DA:56,0
DA:61,0
DA:62,0
DA:65,0
LF:26
LH:0
BRDA:23,0,0,0
BRDA:23,0,1,0
BRDA:25,1,0,0
BRDA:25,1,1,0
BRDA:37,2,0,0
BRDA:37,2,1,0
BRDA:44,3,0,0
BRDA:44,3,1,0
BRDA:61,4,0,0
BRDA:61,4,1,0
BRF:10
BRH:0
end_of_record
TN:
SF:backend\src\scripts\createClientsIndexes.js
FN:46,indexExists
FN:65,createIndex
FN:92,tableExists
FN:111,getCurrentIndexes
FN:132,createClientsIndexes
FN:176,(anonymous_5)
FN:177,(anonymous_6)
FN:186,(anonymous_7)
FN:228,(anonymous_8)
FN:235,(anonymous_9)
FNF:10
FNH:0
FNDA:0,indexExists
FNDA:0,createIndex
FNDA:0,tableExists
FNDA:0,getCurrentIndexes
FNDA:0,createClientsIndexes
FNDA:0,(anonymous_5)
FNDA:0,(anonymous_6)
FNDA:0,(anonymous_7)
FNDA:0,(anonymous_8)
FNDA:0,(anonymous_9)
DA:14,0
DA:16,0
DA:17,0
DA:20,0
DA:47,0
DA:48,0
DA:49,0
DA:55,0
DA:57,0
DA:58,0
DA:66,0
DA:67,0
DA:70,0
DA:72,0
DA:73,0
DA:74,0
DA:78,0
DA:79,0
DA:81,0
DA:82,0
DA:84,0
DA:85,0
DA:93,0
DA:94,0
DA:101,0
DA:103,0
DA:104,0
DA:112,0
DA:113,0
DA:122,0
DA:124,0
DA:125,0
DA:133,0
DA:135,0
DA:137,0
DA:138,0
DA:139,0
DA:142,0
DA:143,0
DA:145,0
DA:146,0
DA:147,0
DA:148,0
DA:150,0
DA:153,0
DA:154,0
DA:155,0
DA:158,0
DA:159,0
DA:161,0
DA:162,0
DA:163,0
DA:168,0
DA:172,0
DA:173,0
DA:174,0
DA:176,0
DA:177,0
DA:179,0
DA:180,0
DA:181,0
DA:184,0
DA:185,0
DA:186,0
DA:187,0
DA:188,0
DA:192,0
DA:193,0
DA:194,0
DA:196,0
DA:197,0
DA:198,0
DA:200,0
DA:209,0
DA:210,0
DA:211,0
DA:212,0
DA:213,0
DA:214,0
DA:215,0
DA:216,0
DA:218,0
DA:226,0
DA:227,0
DA:229,0
DA:230,0
DA:232,0
DA:236,0
DA:237,0
DA:241,0
LF:90
LH:0
BRDA:65,0,0,0
BRDA:72,1,0,0
BRDA:72,1,1,0
BRDA:145,2,0,0
BRDA:145,2,1,0
BRDA:187,3,0,0
BRDA:187,3,1,0
BRDA:188,4,0,0
BRDA:188,4,1,0
BRDA:226,5,0,0
BRDA:226,5,1,0
BRDA:229,6,0,0
BRDA:229,6,1,0
BRF:13
BRH:0
end_of_record
TN:
SF:backend\src\scripts\demoValidation.js
FN:13,demonstrateValidation
FN:35,(anonymous_1)
FN:42,(anonymous_2)
FN:106,(anonymous_3)
FN:115,(anonymous_4)
FNF:5
FNH:0
FNDA:0,demonstrateValidation
FNDA:0,(anonymous_1)
FNDA:0,(anonymous_2)
FNDA:0,(anonymous_3)
FNDA:0,(anonymous_4)
DA:10,0
DA:11,0
DA:14,0
DA:15,0
DA:17,0
DA:18,0
DA:20,0
DA:21,0
DA:23,0
DA:25,0
DA:26,0
DA:27,0
DA:28,0
DA:29,0
DA:30,0
DA:31,0
DA:33,0
DA:34,0
DA:35,0
DA:36,0
DA:40,0
DA:41,0
DA:42,0
DA:43,0
DA:48,0
DA:49,0
DA:51,0
DA:52,0
DA:53,0
DA:54,0
DA:55,0
DA:56,0
DA:59,0
DA:60,0
DA:61,0
DA:62,0
DA:63,0
DA:66,0
DA:67,0
DA:68,0
DA:69,0
DA:70,0
DA:72,0
DA:73,0
DA:77,0
DA:78,0
DA:79,0
DA:80,0
DA:83,0
DA:85,0
DA:86,0
DA:87,0
DA:88,0
DA:90,0
DA:91,0
DA:94,0
DA:97,0
DA:98,0
DA:99,0
DA:104,0
DA:105,0
DA:107,0
DA:108,0
DA:109,0
DA:111,0
DA:112,0
DA:116,0
DA:117,0
DA:121,0
LF:69
LH:0
BRDA:27,0,0,0
BRDA:27,0,1,0
BRDA:33,1,0,0
BRDA:33,1,1,0
BRDA:33,2,0,0
BRDA:33,2,1,0
BRDA:40,3,0,0
BRDA:40,3,1,0
BRDA:40,4,0,0
BRDA:40,4,1,0
BRDA:51,5,0,0
BRDA:51,5,1,0
BRDA:53,6,0,0
BRDA:53,6,1,0
BRDA:54,7,0,0
BRDA:54,7,1,0
BRDA:55,8,0,0
BRDA:55,8,1,0
BRDA:56,9,0,0
BRDA:56,9,1,0
BRDA:59,10,0,0
BRDA:59,10,1,0
BRDA:61,11,0,0
BRDA:61,11,1,0
BRDA:62,12,0,0
BRDA:62,12,1,0
BRDA:63,13,0,0
BRDA:63,13,1,0
BRDA:66,14,0,0
BRDA:66,14,1,0
BRDA:68,15,0,0
BRDA:68,15,1,0
BRDA:69,16,0,0
BRDA:69,16,1,0
BRDA:69,17,0,0
BRDA:69,17,1,0
BRDA:72,18,0,0
BRDA:72,18,1,0
BRDA:72,19,0,0
BRDA:72,19,1,0
BRDA:77,20,0,0
BRDA:77,20,1,0
BRDA:79,21,0,0
BRDA:79,21,1,0
BRDA:80,22,0,0
BRDA:80,22,1,0
BRDA:85,23,0,0
BRDA:85,23,1,0
BRDA:104,24,0,0
BRDA:104,24,1,0
BRDA:107,25,0,0
BRDA:107,25,1,0
BRF:52
BRH:0
end_of_record
TN:
SF:backend\src\scripts\diagnoseClientsSchema.js
FN:37,checkTableExists
FN:56,getCurrentColumns
FN:79,getCurrentIndexes
FN:98,getForeignKeys
FN:126,compareSchemas
FN:133,(anonymous_5)
FN:170,(anonymous_6)
FN:171,(anonymous_7)
FN:172,(anonymous_8)
FN:186,typesMatch
FN:217,generateReport
FN:266,(anonymous_11)
FN:274,(anonymous_12)
FN:283,(anonymous_13)
FN:304,diagnoseClientsSchema
FN:355,(anonymous_15)
FN:360,(anonymous_16)
FN:365,(anonymous_17)
FN:370,(anonymous_18)
FN:388,(anonymous_19)
FN:395,(anonymous_20)
FNF:21
FNH:0
FNDA:0,checkTableExists
FNDA:0,getCurrentColumns
FNDA:0,getCurrentIndexes
FNDA:0,getForeignKeys
FNDA:0,compareSchemas
FNDA:0,(anonymous_5)
FNDA:0,(anonymous_6)
FNDA:0,(anonymous_7)
FNDA:0,(anonymous_8)
FNDA:0,typesMatch
FNDA:0,generateReport
FNDA:0,(anonymous_11)
FNDA:0,(anonymous_12)
FNDA:0,(anonymous_13)
FNDA:0,diagnoseClientsSchema
FNDA:0,(anonymous_15)
FNDA:0,(anonymous_16)
FNDA:0,(anonymous_17)
FNDA:0,(anonymous_18)
FNDA:0,(anonymous_19)
FNDA:0,(anonymous_20)
DA:12,0
DA:14,0
DA:15,0
DA:18,0
DA:38,0
DA:39,0
DA:47,0
DA:48,0
DA:49,0
DA:51,0
DA:52,0
DA:57,0
DA:58,0
DA:71,0
DA:72,0
DA:74,0
DA:75,0
DA:80,0
DA:81,0
DA:90,0
DA:91,0
DA:93,0
DA:94,0
DA:99,0
DA:100,0
DA:118,0
DA:119,0
DA:121,0
DA:122,0
DA:127,0
DA:128,0
DA:129,0
DA:132,0
DA:133,0
DA:135,0
DA:136,0
DA:141,0
DA:145,0
DA:146,0
DA:148,0
DA:149,0
DA:157,0
DA:158,0
DA:160,0
DA:161,0
DA:170,0
DA:171,0
DA:172,0
DA:178,0
DA:188,0
DA:196,0
DA:197,0
DA:200,0
DA:201,0
DA:205,0
DA:206,0
DA:207,0
DA:209,0
DA:210,0
DA:214,0
DA:218,0
DA:232,0
DA:233,0
DA:234,0
DA:237,0
DA:238,0
DA:239,0
DA:241,0
DA:245,0
DA:246,0
DA:247,0
DA:252,0
DA:253,0
DA:254,0
DA:259,0
DA:260,0
DA:261,0
DA:266,0
DA:267,0
DA:269,0
DA:270,0
DA:271,0
DA:274,0
DA:275,0
DA:277,0
DA:278,0
DA:279,0
DA:283,0
DA:284,0
DA:286,0
DA:287,0
DA:288,0
DA:293,0
DA:294,0
DA:295,0
DA:296,0
DA:298,0
DA:301,0
DA:305,0
DA:307,0
DA:309,0
DA:312,0
DA:314,0
DA:315,0
DA:316,0
DA:317,0
DA:319,0
DA:321,0
DA:324,0
DA:327,0
DA:330,0
DA:334,0
DA:337,0
DA:338,0
DA:339,0
DA:340,0
DA:341,0
DA:343,0
DA:344,0
DA:345,0
DA:346,0
DA:349,0
DA:350,0
DA:351,0
DA:353,0
DA:354,0
DA:355,0
DA:358,0
DA:359,0
DA:360,0
DA:363,0
DA:364,0
DA:365,0
DA:368,0
DA:369,0
DA:370,0
DA:373,0
DA:376,0
DA:379,0
DA:380,0
DA:381,0
DA:386,0
DA:387,0
DA:389,0
DA:390,0
DA:392,0
DA:396,0
DA:397,0
DA:401,0
LF:149
LH:0
BRDA:135,0,0,0
BRDA:135,0,1,0
BRDA:148,1,0,0
BRDA:148,1,1,0
BRDA:160,2,0,0
BRDA:160,2,1,0
BRDA:200,3,0,0
BRDA:200,3,1,0
BRDA:206,4,0,0
BRDA:206,4,1,0
BRDA:206,5,0,0
BRDA:206,5,1,0
BRDA:209,6,0,0
BRDA:209,6,1,0
BRDA:209,7,0,0
BRDA:209,7,1,0
BRDA:221,8,0,0
BRDA:221,8,1,0
BRDA:222,9,0,0
BRDA:222,9,1,0
BRDA:223,10,0,0
BRDA:223,10,1,0
BRDA:232,11,0,0
BRDA:232,11,1,0
BRDA:237,12,0,0
BRDA:237,12,1,0
BRDA:245,13,0,0
BRDA:245,13,1,0
BRDA:252,14,0,0
BRDA:252,14,1,0
BRDA:259,15,0,0
BRDA:259,15,1,0
BRDA:269,16,0,0
BRDA:269,16,1,0
BRDA:277,17,0,0
BRDA:277,17,1,0
BRDA:284,18,0,0
BRDA:284,18,1,0
BRDA:286,19,0,0
BRDA:286,19,1,0
BRDA:293,20,0,0
BRDA:293,20,1,0
BRDA:293,21,0,0
BRDA:293,21,1,0
BRDA:295,22,0,0
BRDA:295,22,1,0
BRDA:319,23,0,0
BRDA:319,23,1,0
BRDA:341,24,0,0
BRDA:341,24,1,0
BRDA:343,25,0,0
BRDA:343,25,1,0
BRDA:353,26,0,0
BRDA:353,26,1,0
BRDA:358,27,0,0
BRDA:358,27,1,0
BRDA:363,28,0,0
BRDA:363,28,1,0
BRDA:368,29,0,0
BRDA:368,29,1,0
BRDA:386,30,0,0
BRDA:386,30,1,0
BRDA:389,31,0,0
BRDA:389,31,1,0
BRF:64
BRH:0
end_of_record
TN:
SF:backend\src\scripts\examineSqliteClients.js
FN:9,examineSqliteClients
FN:34,(anonymous_1)
FN:47,(anonymous_2)
FN:49,(anonymous_3)
FN:58,(anonymous_4)
FN:72,(anonymous_5)
FN:81,(anonymous_6)
FN:90,(anonymous_7)
FN:98,(anonymous_8)
FN:110,(anonymous_9)
FN:123,(anonymous_10)
FN:131,(anonymous_11)
FNF:12
FNH:0
FNDA:0,examineSqliteClients
FNDA:0,(anonymous_1)
FNDA:0,(anonymous_2)
FNDA:0,(anonymous_3)
FNDA:0,(anonymous_4)
FNDA:0,(anonymous_5)
FNDA:0,(anonymous_6)
FNDA:0,(anonymous_7)
FNDA:0,(anonymous_8)
FNDA:0,(anonymous_9)
FNDA:0,(anonymous_10)
FNDA:0,(anonymous_11)
DA:6,0
DA:7,0
DA:10,0
DA:12,0
DA:14,0
DA:15,0
DA:18,0
DA:23,0
DA:24,0
DA:25,0
DA:28,0
DA:31,0
DA:32,0
DA:33,0
DA:34,0
DA:35,0
DA:39,0
DA:40,0
DA:43,0
DA:44,0
DA:45,0
DA:47,0
DA:48,0
DA:49,0
DA:50,0
DA:55,0
DA:56,0
DA:58,0
DA:59,0
DA:60,0
DA:61,0
DA:62,0
DA:64,0
DA:68,0
DA:69,0
DA:72,0
DA:73,0
DA:79,0
DA:80,0
DA:81,0
DA:82,0
DA:85,0
DA:86,0
DA:90,0
DA:91,0
DA:96,0
DA:97,0
DA:98,0
DA:99,0
DA:102,0
DA:103,0
DA:106,0
DA:110,0
DA:115,0
DA:116,0
DA:121,0
DA:122,0
DA:124,0
DA:125,0
DA:126,0
DA:127,0
DA:129,0
DA:132,0
DA:133,0
DA:137,0
LF:65
LH:0
BRDA:23,0,0,0
BRDA:23,0,1,0
BRDA:35,1,0,0
BRDA:35,1,1,0
BRDA:35,2,0,0
BRDA:35,2,1,0
BRDA:50,3,0,0
BRDA:50,3,1,0
BRDA:62,4,0,0
BRDA:62,4,1,0
BRDA:73,5,0,0
BRDA:73,5,1,0
BRDA:73,5,2,0
BRDA:73,5,3,0
BRDA:79,6,0,0
BRDA:79,6,1,0
BRDA:91,7,0,0
BRDA:91,7,1,0
BRDA:91,7,2,0
BRDA:96,8,0,0
BRDA:96,8,1,0
BRDA:121,9,0,0
BRDA:121,9,1,0
BRDA:124,10,0,0
BRDA:124,10,1,0
BRF:25
BRH:0
end_of_record
TN:
SF:backend\src\scripts\finalVerification.js
FN:20,(anonymous_0)
FN:21,(anonymous_1)
FN:22,(anonymous_2)
FN:24,runFinalVerification
FN:75,(anonymous_4)
FN:76,(anonymous_5)
FN:81,(anonymous_6)
FN:135,(anonymous_7)
FN:136,(anonymous_8)
FN:193,(anonymous_9)
FN:194,(anonymous_10)
FN:195,(anonymous_11)
FN:290,(anonymous_12)
FN:298,(anonymous_13)
FN:298,(anonymous_14)
FN:331,(anonymous_15)
FN:340,(anonymous_16)
FNF:17
FNH:0
FNDA:0,(anonymous_0)
FNDA:0,(anonymous_1)
FNDA:0,(anonymous_2)
FNDA:0,runFinalVerification
FNDA:0,(anonymous_4)
FNDA:0,(anonymous_5)
FNDA:0,(anonymous_6)
FNDA:0,(anonymous_7)
FNDA:0,(anonymous_8)
FNDA:0,(anonymous_9)
FNDA:0,(anonymous_10)
FNDA:0,(anonymous_11)
FNDA:0,(anonymous_12)
FNDA:0,(anonymous_13)
FNDA:0,(anonymous_14)
FNDA:0,(anonymous_15)
FNDA:0,(anonymous_16)
DA:10,0
DA:11,0
DA:12,0
DA:13,0
DA:16,0
DA:17,0
DA:18,0
DA:20,0
DA:21,0
DA:22,0
DA:25,0
DA:26,0
DA:28,0
DA:29,0
DA:31,0
DA:33,0
DA:34,0
DA:35,0
DA:36,0
DA:39,0
DA:40,0
DA:48,0
DA:49,0
DA:51,0
DA:52,0
DA:55,0
DA:56,0
DA:64,0
DA:75,0
DA:76,0
DA:77,0
DA:80,0
DA:81,0
DA:82,0
DA:83,0
DA:85,0
DA:86,0
DA:90,0
DA:91,0
DA:110,0
DA:111,0
DA:112,0
DA:114,0
DA:115,0
DA:116,0
DA:117,0
DA:118,0
DA:122,0
DA:123,0
DA:134,0
DA:135,0
DA:136,0
DA:138,0
DA:139,0
DA:140,0
DA:142,0
DA:143,0
DA:147,0
DA:148,0
DA:149,0
DA:151,0
DA:152,0
DA:153,0
DA:155,0
DA:156,0
DA:160,0
DA:163,0
DA:164,0
DA:165,0
DA:167,0
DA:169,0
DA:173,0
DA:174,0
DA:186,0
DA:188,0
DA:189,0
DA:190,0
DA:191,0
DA:193,0
DA:194,0
DA:195,0
DA:198,0
DA:199,0
DA:200,0
DA:203,0
DA:204,0
DA:205,0
DA:206,0
DA:208,0
DA:209,0
DA:210,0
DA:214,0
DA:215,0
DA:216,0
DA:217,0
DA:218,0
DA:220,0
DA:221,0
DA:222,0
DA:226,0
DA:227,0
DA:228,0
DA:229,0
DA:230,0
DA:232,0
DA:233,0
DA:234,0
DA:238,0
DA:239,0
DA:240,0
DA:243,0
DA:244,0
DA:245,0
DA:248,0
DA:249,0
DA:250,0
DA:251,0
DA:256,0
DA:259,0
DA:267,0
DA:268,0
DA:269,0
DA:270,0
DA:271,0
DA:273,0
DA:277,0
DA:278,0
DA:279,0
DA:281,0
DA:282,0
DA:286,0
DA:287,0
DA:288,0
DA:290,0
DA:291,0
DA:292,0
DA:294,0
DA:296,0
DA:297,0
DA:298,0
DA:299,0
DA:300,0
DA:304,0
DA:307,0
DA:308,0
DA:309,0
DA:311,0
DA:312,0
DA:313,0
DA:314,0
DA:316,0
DA:317,0
DA:318,0
DA:322,0
DA:323,0
DA:324,0
DA:329,0
DA:330,0
DA:332,0
DA:333,0
DA:334,0
DA:336,0
DA:337,0
DA:341,0
DA:342,0
DA:346,0
LF:166
LH:0
BRDA:48,0,0,0
BRDA:48,0,1,0
BRDA:80,1,0,0
BRDA:80,1,1,0
BRDA:110,2,0,0
BRDA:110,2,1,0
BRDA:138,3,0,0
BRDA:138,3,1,0
BRDA:151,4,0,0
BRDA:151,4,1,0
BRDA:204,5,0,0
BRDA:204,5,1,0
BRDA:216,6,0,0
BRDA:216,6,1,0
BRDA:228,7,0,0
BRDA:228,7,1,0
BRDA:248,8,0,0
BRDA:248,8,1,0
BRDA:248,9,0,0
BRDA:248,9,1,0
BRDA:277,10,0,0
BRDA:277,10,1,0
BRDA:296,11,0,0
BRDA:296,11,1,0
BRDA:300,12,0,0
BRDA:300,12,1,0
BRDA:311,13,0,0
BRDA:311,13,1,0
BRDA:329,14,0,0
BRDA:329,14,1,0
BRDA:332,15,0,0
BRDA:332,15,1,0
BRF:32
BRH:0
end_of_record
TN:
SF:backend\src\scripts\fixClientsSchema.js
FN:43,tableExists
FN:62,getCurrentColumns
FN:86,getCurrentIndexes
FN:107,getForeignKeys
FN:134,createTable
FN:164,addColumnIfNotExists
FN:191,createIndexIfNotExists
FN:220,addForeignKeyIfNotExists
FN:251,fixClientsSchema
FN:275,(anonymous_9)
FN:287,(anonymous_10)
FN:302,(anonymous_11)
FN:329,(anonymous_12)
FN:333,(anonymous_13)
FNF:14
FNH:0
FNDA:0,tableExists
FNDA:0,getCurrentColumns
FNDA:0,getCurrentIndexes
FNDA:0,getForeignKeys
FNDA:0,createTable
FNDA:0,addColumnIfNotExists
FNDA:0,createIndexIfNotExists
FNDA:0,addForeignKeyIfNotExists
FNDA:0,fixClientsSchema
FNDA:0,(anonymous_9)
FNDA:0,(anonymous_10)
FNDA:0,(anonymous_11)
FNDA:0,(anonymous_12)
FNDA:0,(anonymous_13)
DA:7,0
DA:8,0
DA:11,0
DA:44,0
DA:45,0
DA:52,0
DA:54,0
DA:55,0
DA:63,0
DA:64,0
DA:76,0
DA:78,0
DA:79,0
DA:87,0
DA:88,0
DA:97,0
DA:99,0
DA:100,0
DA:108,0
DA:109,0
DA:124,0
DA:126,0
DA:127,0
DA:135,0
DA:136,0
DA:139,0
DA:153,0
DA:154,0
DA:156,0
DA:157,0
DA:165,0
DA:167,0
DA:174,0
DA:175,0
DA:176,0
DA:177,0
DA:179,0
DA:180,0
DA:183,0
DA:184,0
DA:192,0
DA:193,0
DA:196,0
DA:202,0
DA:203,0
DA:204,0
DA:205,0
DA:206,0
DA:208,0
DA:209,0
DA:212,0
DA:213,0
DA:221,0
DA:223,0
DA:229,0
DA:230,0
DA:236,0
DA:237,0
DA:239,0
DA:240,0
DA:243,0
DA:244,0
DA:252,0
DA:253,0
DA:256,0
DA:258,0
DA:259,0
DA:260,0
DA:262,0
DA:265,0
DA:266,0
DA:267,0
DA:269,0
DA:270,0
DA:271,0
DA:274,0
DA:275,0
DA:276,0
DA:279,0
DA:280,0
DA:281,0
DA:286,0
DA:287,0
DA:288,0
DA:291,0
DA:292,0
DA:301,0
DA:302,0
DA:303,0
DA:306,0
DA:307,0
DA:317,0
DA:318,0
DA:321,0
DA:322,0
DA:327,0
DA:328,0
DA:330,0
DA:331,0
DA:334,0
DA:335,0
DA:339,0
LF:102
LH:0
BRDA:174,0,0,0
BRDA:174,0,1,0
BRDA:191,1,0,0
BRDA:202,2,0,0
BRDA:202,2,1,0
BRDA:204,3,0,0
BRDA:204,3,1,0
BRDA:229,4,0,0
BRDA:229,4,1,0
BRDA:258,5,0,0
BRDA:258,5,1,0
BRDA:279,6,0,0
BRDA:279,6,1,0
BRDA:291,7,0,0
BRDA:291,7,1,0
BRDA:295,8,0,0
BRDA:295,8,1,0
BRDA:306,9,0,0
BRDA:306,9,1,0
BRDA:327,10,0,0
BRDA:327,10,1,0
BRF:21
BRH:0
end_of_record
TN:
SF:backend\src\scripts\fixClientsWithoutSeller.js
FN:8,fixClientsWithoutSeller
FN:29,(anonymous_1)
FNF:2
FNH:0
FNDA:0,fixClientsWithoutSeller
FNDA:0,(anonymous_1)
DA:5,0
DA:6,0
DA:9,0
DA:17,0
DA:19,0
DA:25,0
DA:27,0
DA:28,0
DA:29,0
DA:30,0
DA:34,0
DA:38,0
DA:39,0
DA:40,0
DA:41,0
DA:44,0
DA:45,0
DA:48,0
DA:49,0
DA:54,0
DA:57,0
DA:59,0
DA:62,0
DA:64,0
DA:65,0
DA:69,0
LF:26
LH:0
BRDA:10,0,0,0
BRDA:10,0,1,0
BRDA:11,1,0,0
BRDA:11,1,1,0
BRDA:12,2,0,0
BRDA:12,2,1,0
BRDA:13,3,0,0
BRDA:13,3,1,0
BRDA:14,4,0,0
BRDA:14,4,1,0
BRDA:27,5,0,0
BRDA:27,5,1,0
BRDA:30,6,0,0
BRDA:30,6,1,0
BRDA:38,7,0,0
BRDA:38,7,1,0
BRF:16
BRH:0
end_of_record
TN:
SF:backend\src\scripts\fixOrderItemsSequence.js
FN:8,fixOrderItemsSequence
FN:47,(anonymous_1)
FNF:2
FNH:0
FNDA:0,fixOrderItemsSequence
FNDA:0,(anonymous_1)
DA:5,0
DA:6,0
DA:9,0
DA:17,0
DA:18,0
DA:21,0
DA:29,0
DA:32,0
DA:36,0
DA:39,0
DA:46,0
DA:47,0
DA:48,0
DA:51,0
DA:52,0
DA:54,0
DA:55,0
DA:59,0
LF:18
LH:0
BRDA:10,0,0,0
BRDA:10,0,1,0
BRDA:11,1,0,0
BRDA:11,1,1,0
BRDA:12,2,0,0
BRDA:12,2,1,0
BRDA:13,3,0,0
BRDA:13,3,1,0
BRDA:14,4,0,0
BRDA:14,4,1,0
BRDA:48,5,0,0
BRDA:48,5,1,0
BRF:12
BRH:0
end_of_record
TN:
SF:backend\src\scripts\migrateClientsData.js
FN:30,transformClientRecord
FN:53,validateTransformedRecord
FN:100,readSqliteClients
FN:137,insertBatchToPostgres
FN:145,(anonymous_4)
FN:146,(anonymous_5)
FN:149,(anonymous_6)
FN:190,validateMigration
FN:224,preparePostgresSchema
FN:266,(anonymous_9)
FN:323,(anonymous_10)
FN:356,migrateClientsData
FN:446,(anonymous_12)
FN:471,(anonymous_13)
FN:472,(anonymous_14)
FN:499,(anonymous_15)
FN:500,(anonymous_16)
FN:511,(anonymous_17)
FN:521,(anonymous_18)
FN:572,(anonymous_19)
FN:579,(anonymous_20)
FNF:21
FNH:0
FNDA:0,transformClientRecord
FNDA:0,validateTransformedRecord
FNDA:0,readSqliteClients
FNDA:0,insertBatchToPostgres
FNDA:0,(anonymous_4)
FNDA:0,(anonymous_5)
FNDA:0,(anonymous_6)
FNDA:0,validateMigration
FNDA:0,preparePostgresSchema
FNDA:0,(anonymous_9)
FNDA:0,(anonymous_10)
FNDA:0,migrateClientsData
FNDA:0,(anonymous_12)
FNDA:0,(anonymous_13)
FNDA:0,(anonymous_14)
FNDA:0,(anonymous_15)
FNDA:0,(anonymous_16)
FNDA:0,(anonymous_17)
FNDA:0,(anonymous_18)
FNDA:0,(anonymous_19)
FNDA:0,(anonymous_20)
DA:14,0
DA:16,0
DA:17,0
DA:18,0
DA:21,0
DA:33,0
DA:37,0
DA:54,0
DA:57,0
DA:58,0
DA:61,0
DA:62,0
DA:66,0
DA:67,0
DA:71,0
DA:72,0
DA:75,0
DA:76,0
DA:79,0
DA:80,0
DA:83,0
DA:84,0
DA:87,0
DA:88,0
DA:91,0
DA:101,0
DA:103,0
DA:104,0
DA:105,0
DA:108,0
DA:113,0
DA:114,0
DA:118,0
DA:119,0
DA:120,0
DA:123,0
DA:125,0
DA:126,0
DA:129,0
DA:130,0
DA:138,0
DA:140,0
DA:141,0
DA:144,0
DA:145,0
DA:146,0
DA:149,0
DA:161,0
DA:174,0
DA:176,0
DA:177,0
DA:180,0
DA:181,0
DA:183,0
DA:191,0
DA:193,0
DA:195,0
DA:196,0
DA:198,0
DA:200,0
DA:201,0
DA:202,0
DA:205,0
DA:206,0
DA:215,0
DA:216,0
DA:225,0
DA:227,0
DA:229,0
DA:237,0
DA:238,0
DA:239,0
DA:252,0
DA:253,0
DA:257,0
DA:258,0
DA:266,0
DA:267,0
DA:270,0
DA:271,0
DA:272,0
DA:274,0
DA:276,0
DA:277,0
DA:278,0
DA:280,0
DA:281,0
DA:283,0
DA:284,0
DA:285,0
DA:286,0
DA:287,0
DA:289,0
DA:290,0
DA:292,0
DA:293,0
DA:294,0
DA:296,0
DA:300,0
DA:312,0
DA:313,0
DA:315,0
DA:316,0
DA:317,0
DA:318,0
DA:323,0
DA:324,0
DA:325,0
DA:327,0
DA:329,0
DA:331,0
DA:333,0
DA:335,0
DA:336,0
DA:339,0
DA:340,0
DA:341,0
DA:343,0
DA:344,0
DA:348,0
DA:349,0
DA:357,0
DA:364,0
DA:365,0
DA:368,0
DA:369,0
DA:370,0
DA:371,0
DA:372,0
DA:375,0
DA:376,0
DA:377,0
DA:378,0
DA:381,0
DA:382,0
DA:383,0
DA:384,0
DA:387,0
DA:388,0
DA:389,0
DA:391,0
DA:392,0
DA:393,0
DA:394,0
DA:396,0
DA:397,0
DA:399,0
DA:403,0
DA:406,0
DA:410,0
DA:414,0
DA:415,0
DA:416,0
DA:417,0
DA:419,0
DA:420,0
DA:424,0
DA:425,0
DA:426,0
DA:428,0
DA:430,0
DA:431,0
DA:433,0
DA:434,0
DA:435,0
DA:436,0
DA:437,0
DA:439,0
DA:440,0
DA:442,0
DA:443,0
DA:444,0
DA:445,0
DA:446,0
DA:449,0
DA:450,0
DA:451,0
DA:452,0
DA:455,0
DA:456,0
DA:457,0
DA:458,0
DA:463,0
[...]
DA:636,0
DA:645,0
DA:696,0
DA:706,0
DA:707,0
DA:708,0
DA:710,0
DA:711,0
DA:713,0
DA:714,0
DA:718,0
DA:719,0
DA:722,0
DA:723,0
DA:724,0
DA:725,0
DA:726,0
DA:729,0
DA:734,0
DA:735,0
DA:747,0
DA:750,0
DA:752,0
LF:248
LH:0
BRDA:14,0,0,0
BRDA:14,0,1,0
BRDA:32,1,0,0
BRDA:32,1,1,0
BRDA:40,2,0,0
BRDA:47,3,0,0
BRDA:53,4,0,0
BRDA:62,5,0,0
BRDA:80,6,0,0
BRDA:85,7,0,0
BRDA:99,8,0,0
BRDA:107,9,0,0
BRDA:107,9,1,0
BRDA:122,10,0,0
BRDA:122,10,1,0
BRDA:122,11,0,0
BRDA:122,11,1,0
BRDA:125,12,0,0
BRDA:125,12,1,0
BRDA:126,13,0,0
BRDA:126,13,1,0
BRDA:141,14,0,0
BRDA:142,15,0,0
BRDA:145,16,0,0
BRDA:145,17,0,0
BRDA:145,17,1,0
BRDA:148,18,0,0
BRDA:148,19,0,0
BRDA:148,19,1,0
BRDA:151,20,0,0
BRDA:151,21,0,0
BRDA:151,21,1,0
BRDA:155,22,0,0
BRDA:155,23,0,0
BRDA:155,23,1,0
BRDA:158,24,0,0
BRDA:158,25,0,0
BRDA:158,25,1,0
BRDA:161,26,0,0
BRDA:161,27,0,0
BRDA:161,27,1,0
BRDA:165,28,0,0
BRDA:165,29,0,0
BRDA:165,29,1,0
BRDA:168,30,0,0
BRDA:168,31,0,0
BRDA:168,31,1,0
BRDA:171,32,0,0
BRDA:171,33,0,0
BRDA:171,33,1,0
BRDA:175,34,0,0
BRDA:175,35,0,0
BRDA:175,35,1,0
BRDA:178,36,0,0
BRDA:178,37,0,0
BRDA:178,37,1,0
BRDA:181,38,0,0
BRDA:181,39,0,0
BRDA:181,39,1,0
BRDA:185,40,0,0
BRDA:185,41,0,0
BRDA:185,41,1,0
BRDA:188,42,0,0
BRDA:188,43,0,0
BRDA:188,43,1,0
BRDA:191,44,0,0
BRDA:191,45,0,0
BRDA:191,45,1,0
BRDA:196,46,0,0
BRDA:199,47,0,0
BRDA:203,48,0,0
BRDA:206,49,0,0
BRDA:210,50,0,0
BRDA:213,51,0,0
BRDA:217,52,0,0
BRDA:220,53,0,0
BRDA:224,54,0,0
BRDA:227,55,0,0
BRDA:232,56,0,0
BRDA:232,57,0,0
BRDA:232,57,1,0
BRDA:235,58,0,0
BRDA:235,58,1,0
BRDA:240,59,0,0
BRDA:240,60,0,0
BRDA:240,60,1,0
BRDA:243,61,0,0
BRDA:243,61,1,0
BRDA:253,62,0,0
BRDA:253,62,1,0
BRDA:255,63,0,0
BRDA:255,63,1,0
BRDA:263,64,0,0
BRDA:273,65,0,0
BRDA:299,66,0,0
BRDA:299,66,1,0
BRDA:303,67,0,0
BRDA:306,68,0,0
BRDA:306,68,1,0
BRDA:315,69,0,0
BRDA:324,70,0,0
BRDA:324,70,1,0
BRDA:328,71,0,0
BRDA:334,72,0,0
BRDA:334,72,1,0
BRDA:346,73,0,0
BRDA:348,74,0,0
BRDA:348,74,1,0
BRDA:353,75,0,0
BRDA:353,75,1,0
BRDA:355,76,0,0
BRDA:355,76,1,0
BRDA:365,77,0,0
BRDA:365,77,1,0
BRDA:380,78,0,0
BRDA:380,78,1,0
BRDA:414,79,0,0
BRDA:414,79,1,0
BRDA:425,80,0,0
BRDA:437,81,0,0
BRDA:452,82,0,0
BRDA:468,83,0,0
BRDA:468,83,1,0
BRDA:474,84,0,0
BRDA:474,84,1,0
BRDA:482,85,0,0
BRDA:482,85,1,0
BRDA:529,86,0,0
BRDA:529,86,1,0
BRDA:536,87,0,0
BRDA:536,87,1,0
BRDA:629,88,0,0
BRDA:629,88,1,0
BRDA:638,89,0,0
BRDA:638,89,1,0
BRDA:647,90,0,0
BRDA:647,90,1,0
BRDA:655,91,0,0
BRDA:655,91,1,0
BRDA:672,92,0,0
BRDA:672,92,1,0
BRDA:711,93,0,0
BRDA:711,93,1,0
BRDA:714,94,0,0
BRDA:714,94,1,0
BRDA:723,95,0,0
BRDA:733,96,0,0
BRDA:733,96,1,0
BRDA:740,97,0,0
BRDA:740,97,1,0
BRF:150
BRH:0
end_of_record
TN:
SF:src\views\ReceptionView.tsx
FN:21,(anonymous_0)
FN:49,(anonymous_1)
FN:62,(anonymous_2)
FN:71,(anonymous_3)
FN:80,(anonymous_4)
FN:89,(anonymous_5)
FN:95,(anonymous_6)
FN:96,(anonymous_7)
FN:99,(anonymous_8)
FN:100,(anonymous_9)
FN:105,(anonymous_10)
FN:106,(anonymous_11)
FN:116,(anonymous_12)
FN:148,(anonymous_13)
FN:151,(anonymous_14)
FN:167,(anonymous_15)
FN:170,(anonymous_16)
FN:178,(anonymous_17)
FN:180,(anonymous_18)
FN:195,(anonymous_19)
FN:211,(anonymous_20)
FN:248,(anonymous_21)
FN:257,(anonymous_22)
FN:268,(anonymous_23)
FN:269,(anonymous_24)
FN:275,(anonymous_25)
FN:278,(anonymous_26)
FN:295,(anonymous_27)
FN:299,(anonymous_28)
FN:307,(anonymous_29)
FN:313,(anonymous_30)
FN:314,(anonymous_31)
FN:320,(anonymous_32)
FN:320,(anonymous_33)
FN:321,(anonymous_34)
FN:322,(anonymous_35)
FN:322,(anonymous_36)
FN:340,(anonymous_37)
FN:347,(anonymous_38)
FN:347,(anonymous_39)
FN:347,(anonymous_40)
FN:380,(anonymous_41)
FN:409,(anonymous_42)
FN:411,(anonymous_43)
FN:412,(anonymous_44)
FN:422,(anonymous_45)
FN:442,(anonymous_46)
FN:483,(anonymous_47)
FNF:48
FNH:0
FNDA:0,(anonymous_0)
FNDA:0,(anonymous_1)
FNDA:0,(anonymous_2)
FNDA:0,(anonymous_3)
FNDA:0,(anonymous_4)
FNDA:0,(anonymous_5)
FNDA:0,(anonymous_6)
FNDA:0,(anonymous_7)
FNDA:0,(anonymous_8)
FNDA:0,(anonymous_9)
FNDA:0,(anonymous_10)
FNDA:0,(anonymous_11)
FNDA:0,(anonymous_12)
FNDA:0,(anonymous_13)
FNDA:0,(anonymous_14)
FNDA:0,(anonymous_15)
FNDA:0,(anonymous_16)
FNDA:0,(anonymous_17)
FNDA:0,(anonymous_18)
FNDA:0,(anonymous_19)
FNDA:0,(anonymous_20)
FNDA:0,(anonymous_21)
FNDA:0,(anonymous_22)
FNDA:0,(anonymous_23)
FNDA:0,(anonymous_24)
FNDA:0,(anonymous_25)
FNDA:0,(anonymous_26)
FNDA:0,(anonymous_27)
FNDA:0,(anonymous_28)
FNDA:0,(anonymous_29)
FNDA:0,(anonymous_30)
FNDA:0,(anonymous_31)
FNDA:0,(anonymous_32)
FNDA:0,(anonymous_33)
FNDA:0,(anonymous_34)
FNDA:0,(anonymous_35)
FNDA:0,(anonymous_36)
FNDA:0,(anonymous_37)
FNDA:0,(anonymous_38)
FNDA:0,(anonymous_39)
FNDA:0,(anonymous_40)
FNDA:0,(anonymous_41)
FNDA:0,(anonymous_42)
FNDA:0,(anonymous_43)
FNDA:0,(anonymous_44)
FNDA:0,(anonymous_45)
FNDA:0,(anonymous_46)
FNDA:0,(anonymous_47)
DA:2,0
DA:3,0
DA:4,0
DA:5,0
DA:6,0
DA:21,0
DA:33,0
DA:34,0
DA:35,0
DA:36,0
DA:37,0
DA:40,0
DA:41,0
DA:42,0
DA:43,0
DA:44,0
DA:45,0
DA:46,0
DA:47,0
DA:49,0
DA:50,0
DA:51,0
DA:52,0
DA:53,0
DA:54,0
DA:55,0
DA:56,0
DA:57,0
DA:58,0
DA:59,0
DA:62,0
DA:63,0
DA:64,0
DA:65,0
DA:67,0
DA:68,0
DA:69,0
DA:71,0
DA:72,0
DA:73,0
DA:74,0
DA:75,0
DA:76,0
DA:77,0
DA:80,0
DA:82,0
DA:83,0
DA:86,0
DA:89,0
DA:90,0
DA:91,0
DA:92,0
DA:95,0
DA:96,0
DA:99,0
DA:100,0
DA:101,0
DA:102,0
DA:105,0
DA:106,0
DA:107,0
DA:108,0
DA:109,0
DA:110,0
DA:112,0
DA:116,0
DA:117,0
DA:118,0
DA:119,0
DA:121,0
DA:122,0
DA:123,0
DA:126,0
DA:140,0
DA:141,0
DA:142,0
DA:144,0
DA:145,0
DA:148,0
DA:151,0
DA:155,0
DA:157,0
DA:160,0
DA:161,0
DA:165,0
DA:167,0
DA:170,0
DA:174,0
DA:178,0
DA:179,0
DA:180,0
DA:181,0
DA:185,0
DA:186,0
DA:196,0
DA:197,0
DA:212,0
DA:213,0
DA:232,0
DA:233,0
DA:234,0
DA:235,0
DA:236,0
DA:237,0
DA:238,0
DA:247,0
DA:248,0
DA:250,0
DA:257,0
DA:268,0
DA:269,0
DA:276,0
DA:278,0
DA:295,0
DA:299,0
DA:307,0
DA:313,0
DA:314,0
DA:320,0
DA:321,0
DA:322,0
DA:341,0
DA:347,0
DA:367,0
DA:380,0
DA:410,0
DA:411,0
DA:412,0
DA:413,0
DA:414,0
DA:415,0
DA:418,0
DA:422,0
DA:442,0
DA:484,0
DA:510,0
LF:136
LH:0
BRDA:26,0,0,0
BRDA:27,1,0,0
BRDA:31,2,0,0
BRDA:63,3,0,0
BRDA:71,4,0,0
BRDA:71,4,1,0
BRDA:82,5,0,0
BRDA:82,5,1,0
BRDA:83,6,0,0
BRDA:83,6,1,0
BRDA:83,6,2,0
BRDA:86,7,0,0
BRDA:86,7,1,0
BRDA:96,8,0,0
BRDA:96,8,1,0
BRDA:101,9,0,0
BRDA:107,10,0,0
BRDA:117,11,0,0
BRDA:117,12,0,0
BRDA:117,12,1,0
BRDA:121,13,0,0
BRDA:121,14,0,0
BRDA:121,14,1,0
BRDA:127,15,0,0
BRDA:127,15,1,0
BRDA:134,16,0,0
BRDA:134,16,1,0
BRDA:135,17,0,0
BRDA:135,17,1,0
BRDA:136,18,0,0
BRDA:136,18,1,0
BRDA:140,19,0,0
BRDA:140,19,1,0
BRDA:144,20,0,0
BRDA:144,20,1,0
BRDA:150,21,0,0
BRDA:150,21,1,0
BRDA:151,22,0,0
BRDA:151,22,1,0
BRDA:157,23,0,0
BRDA:157,23,1,0
BRDA:169,24,0,0
BRDA:169,24,1,0
BRDA:170,25,0,0
BRDA:170,25,1,0
BRDA:179,26,0,0
BRDA:185,27,0,0
BRDA:232,28,0,0
BRDA:235,29,0,0
BRDA:235,29,1,0
BRDA:236,30,0,0
BRDA:236,30,1,0
BRDA:247,31,0,0
BRDA:254,32,0,0
BRDA:254,32,1,0
BRDA:268,33,0,0
BRDA:273,34,0,0
BRDA:273,34,1,0
BRDA:273,34,2,0
BRDA:285,35,0,0
BRDA:285,35,1,0
BRDA:296,36,0,0
BRDA:296,36,1,0
BRDA:300,37,0,0
BRDA:300,37,1,0
BRDA:313,38,0,0
BRDA:313,38,1,0
BRDA:313,39,0,0
BRDA:313,39,1,0
BRDA:314,40,0,0
BRDA:314,40,1,0
BRDA:314,41,0,0
BRDA:314,41,1,0
BRDA:316,42,0,0
BRDA:316,42,1,0
BRDA:318,43,0,0
BRDA:318,43,1,0
BRDA:331,44,0,0
BRDA:331,44,1,0
BRDA:399,45,0,0
BRDA:399,45,1,0
BRDA:405,46,0,0
BRDA:405,46,1,0
BRDA:413,47,0,0
BRDA:422,48,0,0
BRDA:422,48,1,0
BRDA:432,49,0,0
BRDA:432,49,1,0
BRDA:433,50,0,0
BRDA:433,50,1,0
BRDA:433,51,0,0
BRDA:433,51,1,0
BRDA:445,52,0,0
BRDA:445,52,1,0
BRDA:454,53,0,0
BRDA:454,53,1,0
BRDA:462,54,0,0
BRDA:462,54,1,0
BRDA:463,55,0,0
BRDA:463,55,1,0
BRF:100
BRH:0
end_of_record
TN:
SF:src\views\ReportsView.tsx
FN:10,(anonymous_0)
FN:19,(anonymous_1)
FN:21,(anonymous_2)
FN:23,(anonymous_3)
FN:29,(anonymous_4)
FN:31,(anonymous_5)
FN:31,(anonymous_6)
FN:39,(anonymous_7)
FN:42,(anonymous_8)
FN:56,(anonymous_9)
FN:57,(anonymous_10)
FN:63,(anonymous_11)
FN:63,(anonymous_12)
FN:68,(anonymous_13)
FN:77,(anonymous_14)
FN:78,(anonymous_15)
FN:79,(anonymous_16)
FN:84,(anonymous_17)
FN:105,(anonymous_18)
FN:106,(anonymous_19)
FN:107,(anonymous_20)
FN:117,(anonymous_21)
FN:117,(anonymous_22)
FN:126,(anonymous_23)
FN:145,(anonymous_24)
FN:147,(anonymous_25)
FN:148,(anonymous_26)
FN:149,(anonymous_27)
FN:149,(anonymous_28)
FN:152,(anonymous_29)
FN:152,(anonymous_30)
FN:162,(anonymous_31)
FN:162,(anonymous_32)
FN:171,(anonymous_33)
FN:186,(anonymous_34)
FN:187,(anonymous_35)
FN:188,(anonymous_36)
FN:193,(anonymous_37)
FN:195,(anonymous_38)
FN:199,(anonymous_39)
FN:200,(anonymous_40)
FN:201,(anonymous_41)
FN:203,(anonymous_42)
FN:203,(anonymous_43)
FN:204,(anonymous_44)
FN:204,(anonymous_45)
FN:225,(anonymous_46)
FN:226,(anonymous_47)
FN:227,(anonymous_48)
FN:232,(anonymous_49)
FN:234,(anonymous_50)
FN:238,(anonymous_51)
FN:239,(anonymous_52)
FN:239,(anonymous_53)
FN:240,(anonymous_54)
FN:240,(anonymous_55)
FN:241,(anonymous_56)
FN:266,(anonymous_57)
FN:272,(anonymous_58)
FN:273,(anonymous_59)
FN:274,(anonymous_60)
FN:275,(anonymous_61)
FN:276,(anonymous_62)
FN:277,(anonymous_63)
FN:280,(anonymous_64)
FN:281,(anonymous_65)
FN:282,(anonymous_66)
FN:285,(anonymous_67)
FN:286,(anonymous_68)
FN:303,(anonymous_69)
FNF:70
FNH:0
FNDA:0,(anonymous_0)
FNDA:0,(anonymous_1)
FNDA:0,(anonymous_2)
FNDA:0,(anonymous_3)
FNDA:0,(anonymous_4)
FNDA:0,(anonymous_5)
FNDA:0,(anonymous_6)
FNDA:0,(anonymous_7)
FNDA:0,(anonymous_8)
FNDA:0,(anonymous_9)
FNDA:0,(anonymous_10)
FNDA:0,(anonymous_11)
FNDA:0,(anonymous_12)
FNDA:0,(anonymous_13)
FNDA:0,(anonymous_14)
FNDA:0,(anonymous_15)
FNDA:0,(anonymous_16)
FNDA:0,(anonymous_17)
FNDA:0,(anonymous_18)
FNDA:0,(anonymous_19)
FNDA:0,(anonymous_20)
FNDA:0,(anonymous_21)
FNDA:0,(anonymous_22)
FNDA:0,(anonymous_23)
FNDA:0,(anonymous_24)
FNDA:0,(anonymous_25)
FNDA:0,(anonymous_26)
FNDA:0,(anonymous_27)
FNDA:0,(anonymous_28)
FNDA:0,(anonymous_29)
FNDA:0,(anonymous_30)
FNDA:0,(anonymous_31)
FNDA:0,(anonymous_32)
FNDA:0,(anonymous_33)
FNDA:0,(anonymous_34)
FNDA:0,(anonymous_35)
FNDA:0,(anonymous_36)
FNDA:0,(anonymous_37)
FNDA:0,(anonymous_38)
FNDA:0,(anonymous_39)
FNDA:0,(anonymous_40)
FNDA:0,(anonymous_41)
FNDA:0,(anonymous_42)
FNDA:0,(anonymous_43)
FNDA:0,(anonymous_44)
FNDA:0,(anonymous_45)
FNDA:0,(anonymous_46)
FNDA:0,(anonymous_47)
FNDA:0,(anonymous_48)
FNDA:0,(anonymous_49)
FNDA:0,(anonymous_50)
FNDA:0,(anonymous_51)
FNDA:0,(anonymous_52)
FNDA:0,(anonymous_53)
FNDA:0,(anonymous_54)
FNDA:0,(anonymous_55)
FNDA:0,(anonymous_56)
FNDA:0,(anonymous_57)
FNDA:0,(anonymous_58)
FNDA:0,(anonymous_59)
FNDA:0,(anonymous_60)
FNDA:0,(anonymous_61)
FNDA:0,(anonymous_62)
FNDA:0,(anonymous_63)
FNDA:0,(anonymous_64)
FNDA:0,(anonymous_65)
FNDA:0,(anonymous_66)
FNDA:0,(anonymous_67)
FNDA:0,(anonymous_68)
FNDA:0,(anonymous_69)
DA:2,0
DA:10,0
DA:12,0
DA:13,0
DA:14,0
DA:15,0
DA:16,0
DA:17,0
DA:19,0
DA:20,0
DA:21,0
DA:22,0
DA:23,0
DA:24,0
DA:25,0
DA:26,0
DA:27,0
DA:29,0
DA:31,0
DA:32,0
DA:33,0
DA:34,0
DA:36,0
DA:39,0
DA:40,0
DA:42,0
DA:45,0
DA:46,0
DA:47,0
DA:48,0
DA:49,0
DA:50,0
DA:51,0
DA:52,0
DA:53,0
DA:56,0
DA:57,0
DA:58,0
DA:63,0
DA:69,0
DA:77,0
DA:78,0
DA:79,0
DA:81,0
DA:85,0
DA:86,0
DA:105,0
DA:106,0
DA:107,0
DA:109,0
DA:117,0
DA:127,0
DA:145,0
DA:147,0
DA:148,0
DA:149,0
DA:150,0
DA:151,0
DA:152,0
DA:154,0
DA:162,0
DA:172,0
DA:186,0
DA:187,0
DA:188,0
DA:190,0
DA:193,0
DA:195,0
DA:200,0
DA:201,0
DA:203,0
DA:204,0
DA:206,0
DA:225,0
DA:226,0
DA:227,0
DA:229,0
DA:232,0
DA:234,0
DA:239,0
DA:240,0
DA:241,0
DA:243,0
DA:261,0
DA:266,0
DA:272,0
DA:273,0
DA:274,0
DA:275,0
DA:276,0
DA:277,0
DA:280,0
DA:281,0
DA:282,0
DA:285,0
DA:286,0
DA:303,0
DA:304,0
DA:307,0
LF:99
LH:0
BRDA:24,0,0,0
BRDA:29,1,0,0
BRDA:32,2,0,0
BRDA:79,3,0,0
BRDA:85,4,0,0
BRDA:85,4,1,0
BRDA:106,5,0,0
BRDA:106,5,1,0
BRDA:107,6,0,0
BRDA:117,7,0,0
BRDA:117,7,1,0
BRDA:130,8,0,0
BRDA:130,8,1,0
BRDA:133,9,0,0
BRDA:133,9,1,0
BRDA:134,10,0,0
BRDA:134,10,1,0
BRDA:147,11,0,0
BRDA:147,11,1,0
BRDA:188,12,0,0
BRDA:188,13,0,0
BRDA:188,13,1,0
BRDA:200,14,0,0
BRDA:200,14,1,0
BRDA:200,14,2,0
BRDA:201,15,0,0
BRDA:201,15,1,0
BRDA:227,16,0,0
BRDA:239,17,0,0
BRDA:239,17,1,0
BRDA:239,17,2,0
BRDA:280,18,0,0
BRDA:280,18,1,0
BRDA:281,19,0,0
BRDA:281,19,1,0
BRDA:282,20,0,0
BRDA:282,20,1,0
BRDA:283,21,0,0
BRDA:283,21,1,0
BRDA:285,22,0,0
BRDA:285,22,1,0
BRDA:286,23,0,0
BRDA:286,23,1,0
BRDA:292,24,0,0
BRDA:292,24,1,0
BRDA:293,25,0,0
BRDA:293,25,1,0
BRDA:294,26,0,0
BRDA:294,26,1,0
BRDA:295,27,0,0
BRDA:295,27,1,0
BRDA:296,28,0,0
BRDA:296,28,1,0
BRDA:297,29,0,0
BRDA:297,29,1,0
BRDA:304,30,0,0
BRDA:304,30,1,0
BRF:57
BRH:0
end_of_record
TN:
SF:src\views\ReturnReceptionView.tsx
FN:24,(anonymous_0)
FN:45,(anonymous_1)
FN:57,(anonymous_2)
FN:63,(anonymous_3)
FN:64,(anonymous_4)
FN:69,(anonymous_5)
FN:70,(anonymous_6)
FN:80,(anonymous_7)
FN:81,(anonymous_8)
FN:82,(anonymous_9)
FN:87,(anonymous_10)
FN:116,(anonymous_11)
FN:137,(anonymous_12)
FN:151,(anonymous_13)
FN:162,(anonymous_14)
FN:175,(anonymous_15)
FN:176,(anonymous_16)
FN:182,(anonymous_17)
FN:185,(anonymous_18)
FN:202,(anonymous_19)
FN:224,(anonymous_20)
FN:231,(anonymous_21)
FN:231,(anonymous_22)
FN:231,(anonymous_23)
FN:258,(anonymous_24)
FNF:25
FNH:0
FNDA:0,(anonymous_0)
FNDA:0,(anonymous_1)
FNDA:0,(anonymous_2)
FNDA:0,(anonymous_3)
FNDA:0,(anonymous_4)
FNDA:0,(anonymous_5)
FNDA:0,(anonymous_6)
FNDA:0,(anonymous_7)
FNDA:0,(anonymous_8)
FNDA:0,(anonymous_9)
FNDA:0,(anonymous_10)
FNDA:0,(anonymous_11)
FNDA:0,(anonymous_12)
FNDA:0,(anonymous_13)
FNDA:0,(anonymous_14)
FNDA:0,(anonymous_15)
FNDA:0,(anonymous_16)
FNDA:0,(anonymous_17)
FNDA:0,(anonymous_18)
FNDA:0,(anonymous_19)
FNDA:0,(anonymous_20)
FNDA:0,(anonymous_21)
FNDA:0,(anonymous_22)
FNDA:0,(anonymous_23)
FNDA:0,(anonymous_24)
DA:1,0
DA:3,0
DA:4,0
DA:24,0
DA:31,0
DA:32,0
DA:33,0
DA:34,0
DA:35,0
DA:36,0
DA:38,0
DA:39,0
DA:40,0
DA:41,0
DA:42,0
DA:43,0
DA:45,0
DA:47,0
DA:48,0
DA:51,0
DA:54,0
DA:55,0
DA:57,0
DA:58,0
DA:59,0
DA:60,0
DA:63,0
DA:64,0
DA:65,0
DA:66,0
DA:69,0
DA:70,0
DA:71,0
DA:72,0
DA:73,0
DA:74,0
DA:76,0
DA:80,0
DA:81,0
DA:82,0
DA:83,0
DA:87,0
DA:88,0
DA:89,0
DA:90,0
DA:92,0
DA:93,0
DA:94,0
DA:97,0
DA:99,0
DA:109,0
DA:110,0
DA:111,0
DA:113,0
DA:114,0
DA:116,0
DA:121,0
DA:122,0
DA:123,0
DA:124,0
DA:125,0
DA:126,0
DA:128,0
DA:131,0
DA:132,0
DA:135,0
DA:137,0
DA:142,0
DA:143,0
DA:144,0
DA:145,0
DA:146,0
DA:147,0
DA:151,0
DA:152,0
DA:154,0
DA:155,0
DA:162,0
DA:175,0
DA:176,0
DA:183,0
DA:185,0
DA:202,0
DA:225,0
DA:231,0
DA:251,0
DA:258,0
DA:278,0
LF:88
LH:0
BRDA:27,0,0,0
BRDA:28,1,0,0
BRDA:40,2,0,0
BRDA:40,2,1,0
BRDA:41,3,0,0
BRDA:41,3,1,0
BRDA:47,4,0,0
BRDA:47,4,1,0
BRDA:47,4,2,0
BRDA:48,5,0,0
BRDA:48,5,1,0
BRDA:48,5,2,0
BRDA:51,6,0,0
BRDA:51,6,1,0
BRDA:65,7,0,0
BRDA:71,8,0,0
BRDA:83,9,0,0
BRDA:83,9,1,0
BRDA:88,10,0,0
BRDA:92,11,0,0
BRDA:102,12,0,0
BRDA:102,12,1,0
BRDA:109,13,0,0
BRDA:109,13,1,0
BRDA:113,14,0,0
BRDA:113,14,1,0
BRDA:118,15,0,0
BRDA:118,15,1,0
BRDA:128,16,0,0
BRDA:128,16,1,0
BRDA:139,17,0,0
BRDA:139,17,1,0
BRDA:154,18,0,0
BRDA:175,19,0,0
BRDA:180,20,0,0
BRDA:180,20,1,0
BRDA:180,20,2,0
BRDA:192,21,0,0
BRDA:192,21,1,0
BRDA:215,22,0,0
BRDA:215,22,1,0
BRF:41
BRH:0
end_of_record
TN:
SF:src\views\SalesReportView.tsx
FN:8,(anonymous_0)
FN:15,(anonymous_1)
FN:18,(anonymous_2)
FN:24,(anonymous_3)
FN:27,(anonymous_4)
FN:30,(anonymous_5)
FN:32,(anonymous_6)
FN:36,(anonymous_7)
FN:38,(anonymous_8)
FN:42,(anonymous_9)
FN:44,(anonymous_10)
FN:45,(anonymous_11)
FN:49,(anonymous_12)
FN:51,(anonymous_13)
FN:52,(anonymous_14)
FN:56,(anonymous_15)
FN:57,(anonymous_16)
FN:58,(anonymous_17)
FN:73,(anonymous_18)
FN:75,(anonymous_19)
FN:76,(anonymous_20)
FN:77,(anonymous_21)
FN:82,(anonymous_22)
FN:84,(anonymous_23)
FN:85,(anonymous_24)
FN:86,(anonymous_25)
FN:97,(anonymous_26)
FN:98,(anonymous_27)
FN:100,(anonymous_28)
FN:102,(anonymous_29)
FN:103,(anonymous_30)
FN:107,(anonymous_31)
FN:109,(anonymous_32)
FN:110,(anonymous_33)
FN:112,(anonymous_34)
FN:113,(anonymous_35)
FN:116,(anonymous_36)
FN:118,(anonymous_37)
FN:119,(anonymous_38)
FN:120,(anonymous_39)
FN:128,(anonymous_40)
FN:129,(anonymous_41)
FN:131,(anonymous_42)
FN:132,(anonymous_43)
FN:133,(anonymous_44)
FN:151,(anonymous_45)
FN:154,(anonymous_46)
FN:156,(anonymous_47)
FN:157,(anonymous_48)
FN:158,(anonymous_49)
FN:160,(anonymous_50)
FN:161,(anonymous_51)
FN:162,(anonymous_52)
FN:166,(anonymous_53)
FN:168,(anonymous_54)
FN:169,(anonymous_55)
FN:170,(anonymous_56)
FN:193,(anonymous_57)
FN:220,(anonymous_58)
FN:403,(anonymous_59)
FN:453,(anonymous_60)
FN:511,(anonymous_61)
FN:563,(anonymous_62)
FN:567,(anonymous_63)
FN:570,(anonymous_64)
FN:575,(anonymous_65)
FN:576,(anonymous_66)
FN:579,(anonymous_67)
FN:591,(anonymous_68)
FN:592,(anonymous_69)
FN:604,(anonymous_70)
FN:606,(anonymous_71)
FN:609,(anonymous_72)
FNF:73
FNH:0
FNDA:0,(anonymous_0)
FNDA:0,(anonymous_1)
FNDA:0,(anonymous_2)
FNDA:0,(anonymous_3)
FNDA:0,(anonymous_4)
FNDA:0,(anonymous_5)
FNDA:0,(anonymous_6)
FNDA:0,(anonymous_7)
FNDA:0,(anonymous_8)
FNDA:0,(anonymous_9)
FNDA:0,(anonymous_10)
FNDA:0,(anonymous_11)
FNDA:0,(anonymous_12)
FNDA:0,(anonymous_13)
FNDA:0,(anonymous_14)
FNDA:0,(anonymous_15)
FNDA:0,(anonymous_16)
FNDA:0,(anonymous_17)
FNDA:0,(anonymous_18)
FNDA:0,(anonymous_19)
FNDA:0,(anonymous_20)
FNDA:0,(anonymous_21)
FNDA:0,(anonymous_22)
FNDA:0,(anonymous_23)
FNDA:0,(anonymous_24)
FNDA:0,(anonymous_25)
FNDA:0,(anonymous_26)
FNDA:0,(anonymous_27)
FNDA:0,(anonymous_28)
FNDA:0,(anonymous_29)
FNDA:0,(anonymous_30)
FNDA:0,(anonymous_31)
FNDA:0,(anonymous_32)
FNDA:0,(anonymous_33)
FNDA:0,(anonymous_34)
FNDA:0,(anonymous_35)
FNDA:0,(anonymous_36)
FNDA:0,(anonymous_37)
FNDA:0,(anonymous_38)
FNDA:0,(anonymous_39)
FNDA:0,(anonymous_40)
FNDA:0,(anonymous_41)
FNDA:0,(anonymous_42)
FNDA:0,(anonymous_43)
FNDA:0,(anonymous_44)
FNDA:0,(anonymous_45)
FNDA:0,(anonymous_46)
FNDA:0,(anonymous_47)
FNDA:0,(anonymous_48)
FNDA:0,(anonymous_49)
FNDA:0,(anonymous_50)
FNDA:0,(anonymous_51)
FNDA:0,(anonymous_52)
FNDA:0,(anonymous_53)
FNDA:0,(anonymous_54)
FNDA:0,(anonymous_55)
FNDA:0,(anonymous_56)
FNDA:0,(anonymous_57)
FNDA:0,(anonymous_58)
FNDA:0,(anonymous_59)
FNDA:0,(anonymous_60)
FNDA:0,(anonymous_61)
FNDA:0,(anonymous_62)
FNDA:0,(anonymous_63)
FNDA:0,(anonymous_64)
FNDA:0,(anonymous_65)
FNDA:0,(anonymous_66)
FNDA:0,(anonymous_67)
FNDA:0,(anonymous_68)
FNDA:0,(anonymous_69)
FNDA:0,(anonymous_70)
FNDA:0,(anonymous_71)
FNDA:0,(anonymous_72)
DA:1,0
DA:8,0
DA:10,0
DA:11,0
DA:12,0
DA:15,0
DA:16,0
DA:18,0
DA:19,0
DA:24,0
DA:25,0
DA:27,0
DA:30,0
DA:31,0
DA:32,0
DA:36,0
DA:37,0
DA:38,0
DA:42,0
DA:43,0
DA:44,0
DA:45,0
DA:49,0
DA:50,0
DA:51,0
DA:52,0
DA:56,0
DA:57,0
DA:58,0
DA:62,0
DA:63,0
DA:68,0
DA:73,0
DA:74,0
DA:75,0
DA:77,0
DA:78,0
DA:82,0
DA:83,0
DA:84,0
DA:86,0
DA:87,0
DA:91,0
DA:92,0
DA:97,0
DA:98,0
DA:100,0
DA:101,0
DA:102,0
DA:103,0
DA:107,0
DA:108,0
DA:109,0
DA:111,0
DA:112,0
DA:113,0
DA:116,0
DA:117,0
DA:118,0
DA:120,0
DA:121,0
DA:125,0
DA:127,0
DA:128,0
DA:130,0
DA:131,0
DA:133,0
DA:134,0
DA:138,0
DA:139,0
DA:141,0
DA:151,0
DA:154,0
DA:156,0
DA:157,0
DA:158,0
DA:160,0
DA:161,0
DA:162,0
DA:166,0
DA:167,0
DA:168,0
DA:170,0
DA:171,0
DA:175,0
DA:179,0
DA:180,0
DA:184,0
DA:193,0
DA:195,0
DA:220,0
DA:222,0
DA:404,0
DA:453,0
DA:512,0
DA:553,0
DA:563,0
DA:564,0
DA:565,0
DA:567,0
DA:568,0
DA:570,0
DA:571,0
DA:575,0
DA:576,0
DA:579,0
DA:580,0
DA:581,0
DA:582,0
DA:583,0
DA:586,0
DA:591,0
DA:592,0
DA:604,0
DA:607,0
DA:609,0
LF:116
LH:0
BRDA:10,0,0,0
BRDA:10,0,1,0
BRDA:16,1,0,0
BRDA:19,2,0,0
BRDA:19,2,1,0
BRDA:25,3,0,0
BRDA:31,4,0,0
BRDA:31,4,1,0
BRDA:37,5,0,0
BRDA:37,5,1,0
BRDA:58,6,0,0
BRDA:58,6,1,0
BRDA:63,7,0,0
BRDA:63,7,1,0
BRDA:68,8,0,0
BRDA:68,8,1,0
BRDA:78,9,0,0
BRDA:78,9,1,0
BRDA:87,10,0,0
BRDA:87,10,1,0
BRDA:92,11,0,0
BRDA:92,11,1,0
BRDA:121,12,0,0
BRDA:121,12,1,0
BRDA:125,13,0,0
BRDA:125,13,1,0
BRDA:134,14,0,0
BRDA:134,14,1,0
BRDA:138,15,0,0
BRDA:138,15,1,0
BRDA:139,16,0,0
BRDA:139,16,1,0
BRDA:162,17,0,0
BRDA:162,17,1,0
BRDA:171,18,0,0
BRDA:171,18,1,0
BRDA:175,19,0,0
BRDA:175,19,1,0
BRDA:180,20,0,0
BRDA:180,20,1,0
BRDA:199,21,0,0
BRDA:199,21,1,0
BRDA:211,22,0,0
BRDA:211,22,1,0
BRDA:254,23,0,0
BRDA:254,23,1,0
BRDA:568,24,0,0
BRDA:568,24,1,0
BRDA:571,25,0,0
BRDA:571,25,1,0
BRDA:580,26,0,0
BRDA:590,27,0,0
BRDA:590,27,1,0
BRDA:597,28,0,0
BRDA:597,28,1,0
BRF:55
BRH:0
end_of_record
